 2022-04-12T18:56:18.666318+0300 Отправил GO на топик tomatocoder/go
 2022-04-12T19:50:22.046677+0300 DOWNLOADED FROM FTP-SERVER FILE frame.jpg
 2022-04-12T19:50:22.053670+0300 DOWNLOADED FROM FTP-SERVER FILE output.wav
 2022-04-12T19:50:22.055083+0300 OPENED FILE <_io.BufferedReader name='/Users/tomatocoder/Desktop/telegram-wro/photo_audio/frame.jpg'> and <_io.BufferedReader name='/Users/tomatocoder/Desktop/telegram-wro/photo_audio/output.wav'>
 2022-04-12T19:50:23.250679+0300 Send photo and audio
 2022-04-12T19:50:23.848752+0300 Отправил GO на топик tomatocoder/go
 2022-04-12T20:00:07.096449+0300 Отправил GO на топик tomatocoder/go
 2022-04-22T19:23:57.477684+0300 Отправил GO на топик tomatocoder/go
 2022-04-22T19:30:17.664293+0300 Отправил GO на топик tomatocoder/go
 2022-04-22T19:30:23.004909+0300 DOWNLOADED FROM FTP-SERVER FILE frame.jpg
 2022-04-22T19:46:47.782514+0300 Отправил GO на топик tomatocoder/go
 2022-04-22T19:47:13.949443+0300 226 Directory send OK.
 2022-04-22T19:47:13.949872+0300 CONNECTED TO ('213.226.112.19', 21) 
 2022-04-22T19:50:34.024263+0300 226 Directory send OK.
 2022-04-22T19:50:34.026089+0300 CONNECTED TO ('213.226.112.19', 21) 
 2022-04-22T19:52:11.506785+0300 226 Directory send OK.
 2022-04-22T19:52:11.507514+0300 CONNECTED TO ('213.226.112.19', 21) 
 2022-04-22T19:59:17.661989+0300 2
 2022-04-22T19:59:32.620696+0300 3
 2022-04-22T20:00:48.812264+0300 226 Directory send OK.
 2022-04-22T20:00:48.812597+0300 CONNECTED TO ('213.226.112.19', 21) 
 2022-04-22T20:04:23.148683+0300 MESSAGE WITH GREETINGS WAS SENT
 2022-04-22T20:04:26.168894+0300 Отправил GO на топик tomatocoder/go
 2022-04-22T20:12:38.352080+0300 OPENED FILE <_io.BufferedReader name='/Users/tomatocoder/Desktop/telegram-wro/photo_audio/frame.jpg'> and <_io.BufferedReader name='/Users/tomatocoder/Desktop/telegram-wro/photo_audio/output.wav'>
 2022-04-22T20:12:38.355138+0300 OPENED FILE <_io.BufferedReader name='/Users/tomatocoder/Desktop/telegram-wro/photo_audio/frame.jpg'> and <_io.BufferedReader name='/Users/tomatocoder/Desktop/telegram-wro/photo_audio/output.wav'>
 2022-04-22T20:12:38.582392+0300 MESSAGE WITH GREETINGS WAS SENT
 2022-04-22T20:12:39.692084+0300 MESSAGE WITH GREETINGS WAS SENT
 2022-04-22T20:12:39.820339+0300 MESSAGE WITH GREETINGS WAS SENT
 2022-04-22T20:13:44.314906+0300 MESSAGE WITH GREETINGS WAS SENT
 2022-04-22T20:13:48.686092+0300 Отправил GO на топик tomatocoder/go
 2022-04-22T20:14:08.067494+0300 MESSAGE WITH GREETINGS WAS SENT
 2022-04-22T20:14:20.613897+0300 MESSAGE WITH GREETINGS WAS SENT
 2022-04-22T20:15:14.762502+0300 MESSAGE WITH GREETINGS WAS SENT
 2022-04-22T20:15:21.365533+0300 MESSAGE WITH GREETINGS WAS SENT
 2022-04-22T20:15:31.041028+0300 MESSAGE WITH GREETINGS WAS SENT
 2022-04-22T20:15:32.913760+0300 Отправил GO на топик tomatocoder/go
 2022-04-22T20:17:00.605593+0300 MESSAGE WITH GREETINGS WAS SENT
 2022-04-22T20:17:00.719933+0300 MESSAGE WITH GREETINGS WAS SENT
 2022-04-22T20:18:44.440964+0300 MESSAGE WITH GREETINGS WAS SENT
 2022-04-22T20:18:46.302024+0300 Отправил GO на топик tomatocoder/go
 2022-04-22T20:23:31.080939+0300 MESSAGE WITH GREETINGS WAS SENT
 2022-04-23T16:59:52.297741+0300 MESSAGE WITH GREETINGS WAS SENT
 2022-04-23T16:59:54.990899+0300 Отправил GO на топик tomatocoder/go
 2022-04-23T17:00:17.947280+0300 MESSAGE WITH GREETINGS WAS SENT
 2022-04-23T17:00:25.802326+0300 Отправил GO на топик tomatocoder/go
 2022-04-23T17:00:28.567121+0300 MESSAGE WITH GREETINGS WAS SENT
 2022-04-23T17:00:52.654169+0300 MESSAGE WITH GREETINGS WAS SENT
 2022-04-23T17:00:53.987573+0300 Отправил GO на топик tomatocoder/go
 2022-04-23T17:01:02.355287+0300 Отправил GO на топик tomatocoder/go
 2022-04-23T17:01:26.726169+0300 MESSAGE WITH GREETINGS WAS SENT
 2022-04-23T17:01:28.141753+0300 Отправил GO на топик tomatocoder/go
 2022-04-23T17:02:22.454845+0300 MESSAGE WITH GREETINGS WAS SENT
 2022-04-23T17:02:23.502220+0300 Отправил GO на топик tomatocoder/go
 2022-04-23T17:03:06.780663+0300 MESSAGE WITH GREETINGS WAS SENT
 2022-04-23T17:03:07.689369+0300 Отправил GO на топик tomatocoder/go
 2022-04-23T17:03:49.784117+0300 MESSAGE WITH GREETINGS WAS SENT
 2022-04-23T17:05:40.590822+0300 MESSAGE WITH GREETINGS WAS SENT
 2022-04-23T17:06:05.190321+0300 DOWNLOADED FROM FTP-SERVER FILE file
 2022-04-23T17:06:30.784543+0300 DOWNLOADED FROM FTP-SERVER FILE file
 2022-04-23T17:06:30.976881+0300 DOWNLOADED FROM FTP-SERVER FILE file
 2022-04-23T17:06:31.011067+0300 OPENED FILE <_io.BufferedReader name='/Users/tomatocoder/Desktop/telegram-wro/photo_audio/frame.jpg'> and <_io.BufferedReader name='/Users/tomatocoder/Desktop/telegram-wro/photo_audio/output.wav'>
 2022-04-23T17:06:31.254520+0300 MESSAGE WITH GREETINGS WAS SENT
 2022-04-23T17:06:31.767045+0300 MESSAGE WITH GREETINGS WAS SENT
 2022-04-23T17:07:03.890215+0300 MESSAGE WITH GREETINGS WAS SENT
 2022-04-23T17:08:39.442292+0300 MESSAGE WITH GREETINGS WAS SENT
 2022-04-23T17:08:57.269234+0300 Отправил GO на топик tomatocoder/go
 2022-04-23T17:10:22.819331+0300 Отправил GO на топик tomatocoder/go
 2022-04-23T17:12:45.206675+0300 MESSAGE WITH GREETINGS WAS SENT
 2022-04-23T17:12:59.120340+0300 MESSAGE WITH GREETINGS WAS SENT
 2022-04-23T17:13:16.408373+0300 DOWNLOADED FROM FTP-SERVER FILE file
 2022-04-23T17:25:53.697702+0300 MESSAGE WITH GREETINGS WAS SENT
 2022-04-23T17:26:45.279945+0300 MESSAGE WITH GREETINGS WAS SENT
 2022-04-23T17:27:22.730398+0300 MESSAGE WITH GREETINGS WAS SENT
 2022-04-23T17:27:56.452831+0300 MESSAGE WITH GREETINGS WAS SENT
 2022-04-23T17:28:00.612245+0300 DOWNLOADED FROM FTP-SERVER FILE file
 2022-04-23T17:28:01.867148+0300 Send photo and audio
 2022-04-23T17:32:31.023731+0300 MESSAGE WITH GREETINGS WAS SENT
 2022-04-23T17:33:27.721452+0300 MESSAGE WITH GREETINGS WAS SENT
 2022-04-23T17:33:31.735745+0300 DOWNLOADED FROM FTP-SERVER FILE file
 2022-04-23T17:34:35.253304+0300 MESSAGE WITH GREETINGS WAS SENT
 2022-04-23T17:35:29.179610+0300 MESSAGE WITH GREETINGS WAS SENT
 2022-04-23T17:36:16.653930+0300 MESSAGE WITH GREETINGS WAS SENT
 2022-04-23T17:37:02.896632+0300 MESSAGE WITH GREETINGS WAS SENT
 2022-04-23T17:37:04.992887+0300 Отправил GO на топик tomatocoder/go
 2022-04-23T17:38:54.703535+0300 MESSAGE WITH GREETINGS WAS SENT
 2022-04-23T17:41:17.052521+0300 MESSAGE WITH GREETINGS WAS SENT
 2022-04-23T17:43:15.998148+0300 MESSAGE WITH GREETINGS WAS SENT
 2022-04-23T17:44:04.521143+0300 MESSAGE WITH GREETINGS WAS SENT
 2022-04-23T17:45:00.107367+0300 MESSAGE WITH GREETINGS WAS SENT
 2022-04-23T17:45:46.325745+0300 MESSAGE WITH GREETINGS WAS SENT
 2022-04-23T17:47:58.379424+0300 MESSAGE WITH GREETINGS WAS SENT
 2022-04-23T17:47:58.481730+0300 MESSAGE WITH GREETINGS WAS SENT
 2022-04-23T17:50:03.061574+0300 MESSAGE WITH GREETINGS WAS SENT
 2022-04-23T17:50:05.609687+0300 Отправил GO на топик tomatocoder/go
 2022-04-23T17:51:14.852369+0300 MESSAGE WITH GREETINGS WAS SENT
 2022-04-23T17:52:10.598087+0300 MESSAGE WITH GREETINGS WAS SENT
 2022-04-23T18:22:50.525418+0300 MESSAGE WITH GREETINGS WAS SENT
 2022-04-23T18:23:42.317791+0300 MESSAGE WITH GREETINGS WAS SENT
 2022-04-23T18:24:09.009003+0300 MESSAGE WITH GREETINGS WAS SENT
 2022-04-23T18:25:10.159417+0300 MESSAGE WITH GREETINGS WAS SENT
 2022-04-23T18:28:05.666005+0300 MESSAGE WITH GREETINGS WAS SENT
 2022-04-23T18:29:28.231968+0300 MESSAGE WITH GREETINGS WAS SENT
 2022-04-23T18:29:31.717196+0300 DOWNLOADED FROM FTP-SERVER FILE file
 2022-04-23T18:33:11.562828+0300 MESSAGE WITH GREETINGS WAS SENT
 2022-04-23T18:34:29.446794+0300 MESSAGE WITH GREETINGS WAS SENT
 2022-04-23T18:34:34.295695+0300 DOWNLOADED FROM FTP-SERVER FILE file
 2022-04-23T18:34:35.377521+0300 Send photo and audio
 2022-04-23T18:37:28.754890+0300 MESSAGE WITH GREETINGS WAS SENT
 2022-04-23T18:37:34.397043+0300 DOWNLOADED FROM FTP-SERVER FILE file
 2022-04-23T18:37:45.873241+0300 MESSAGE WITH GREETINGS WAS SENT
 2022-04-23T18:37:48.563089+0300 DOWNLOADED FROM FTP-SERVER FILE file
 2022-04-23T18:38:14.604262+0300 MESSAGE WITH GREETINGS WAS SENT
 2022-04-23T18:38:17.319054+0300 DOWNLOADED FROM FTP-SERVER FILE file
 2022-04-23T18:46:11.842832+0300 MESSAGE WITH GREETINGS WAS SENT
 2022-04-23T18:46:25.442447+0300 DOWNLOADED FROM FTP-SERVER FILE file
 2022-04-23T18:46:26.082020+0300 DOWNLOADED FROM FTP-SERVER FILE file
 2022-04-23T18:46:27.331522+0300 Send photo and audio
 2022-04-23T18:57:50.631040+0300 MESSAGE WITH GREETINGS WAS SENT
 2022-04-23T18:57:53.856580+0300 DOWNLOADED FROM FTP-SERVER FILE file
 2022-04-23T18:57:54.407583+0300 DOWNLOADED FROM FTP-SERVER FILE file
 2022-04-23T18:57:54.441780+0300 OPENED FILE <_io.BufferedReader name='/Users/tomatocoder/Desktop/telegram-wro/photo_audio/frame.jpg'> and <_io.BufferedReader name='/Users/tomatocoder/Desktop/telegram-wro/photo_audio/output.wav'>
 2022-04-23T18:57:55.205554+0300 Send photo and audio
 2022-04-23T20:40:21.013155+0300 MESSAGE WITH GREETINGS WAS SENT
 2022-04-23T20:42:28.921107+0300 MESSAGE WITH GREETINGS WAS SENT
 2022-04-23T20:42:29.966924+0300 Отправил GO на топик tomatocoder/go
 2022-04-23T20:42:52.654170+0300 MESSAGE WITH GREETINGS WAS SENT
 2022-04-23T20:44:03.196980+0300 MESSAGE WITH GREETINGS WAS SENT
 2022-04-23T20:44:35.649782+0300 MESSAGE WITH GREETINGS WAS SENT
 2022-04-23T20:44:38.273532+0300 DOWNLOADED FROM FTP-SERVER FILE file
 2022-04-23T20:47:55.780313+0300 MESSAGE WITH GREETINGS WAS SENT
 2022-04-23T20:47:55.914188+0300 MESSAGE WITH GREETINGS WAS SENT
 2022-04-23T20:47:55.997582+0300 MESSAGE WITH GREETINGS WAS SENT
 2022-04-23T20:48:02.279041+0300 MESSAGE WITH GREETINGS WAS SENT
 2022-04-23T20:48:38.649227+0300 MESSAGE WITH GREETINGS WAS SENT
 2022-04-23T20:52:24.472754+0300 MESSAGE WITH GREETINGS WAS SENT
 2022-04-23T20:52:36.974567+0300 MESSAGE WITH GREETINGS WAS SENT
 2022-04-23T20:53:23.757191+0300 MESSAGE WITH GREETINGS WAS SENT
 2022-04-23T20:53:25.692959+0300 Connected and logged
 2022-04-23T20:54:00.059105+0300 MESSAGE WITH GREETINGS WAS SENT
 2022-04-23T20:54:03.115391+0300 Отправил GO на топик tomatocoder/go
 2022-04-23T20:54:05.184355+0300 Connected and logged
 2022-04-23T20:54:06.288707+0300 DOWNLOADED FROM FTP-SERVER FILE file
 2022-04-23T21:10:56.590848+0300 MESSAGE WITH GREETINGS WAS SENT
 2022-04-23T21:10:58.504998+0300 Отправил GO на топик tomatocoder/go
 2022-04-23T21:11:00.886611+0300 Connected and logged
 2022-04-23T21:11:02.275951+0300 downloaded PHOTO file
 2022-04-23T21:11:28.134930+0300 MESSAGE WITH GREETINGS WAS SENT
 2022-04-23T21:11:31.633793+0300 Отправил GO на топик tomatocoder/go
 2022-04-23T21:11:33.134813+0300 Connected and logged
 2022-04-23T21:11:57.027701+0300 MESSAGE WITH GREETINGS WAS SENT
 2022-04-23T21:11:59.589582+0300 Connected and logged
 2022-04-23T21:12:55.127360+0300 MESSAGE WITH GREETINGS WAS SENT
 2022-04-23T21:12:58.078950+0300 Connected and logged
 2022-04-23T21:12:59.191115+0300 downloaded PHOTO file
 2022-04-23T21:13:00.374488+0300 downloaded AUDIO file
 2022-04-23T21:13:00.484207+0300 opened PHOTO file
 2022-04-23T21:13:00.485113+0300 opened AUDIO file
 2022-04-23T21:13:01.256643+0300 Send photo and audio
 2022-04-23T21:13:16.343298+0300 MESSAGE WITH GREETINGS WAS SENT
 2022-04-23T21:13:18.054334+0300 Отправил GO на топик tomatocoder/go
 2022-04-23T21:13:20.187659+0300 Connected and logged
 2022-04-23T21:14:56.809668+0300 MESSAGE WITH GREETINGS WAS SENT
 2022-04-23T21:14:58.022182+0300 Отправил GO на топик tomatocoder/go
 2022-04-23T21:15:00.822655+0300 Connected and logged
 2022-04-23T21:15:26.829013+0300 MESSAGE WITH GREETINGS WAS SENT
 2022-04-23T21:15:27.807466+0300 Отправил GO на топик tomatocoder/go
 2022-04-23T21:15:29.070617+0300 Connected and logged
 2022-04-23T21:15:46.094723+0300 Connected and logged
 2022-04-23T21:15:57.018541+0300 Connected and logged
 2022-04-23T21:16:37.225339+0300 Connected and logged
 2022-04-23T21:17:53.592608+0300 MESSAGE WITH GREETINGS WAS SENT
 2022-04-23T21:20:17.646957+0300 MESSAGE WITH GREETINGS WAS SENT
 2022-04-23T21:20:18.712930+0300 Отправил GO на топик tomatocoder/go
 2022-04-23T21:20:22.631441+0300 Connected and logged
 2022-04-23T21:21:36.333132+0300 MESSAGE WITH GREETINGS WAS SENT
 2022-04-23T21:21:39.177055+0300 Connected and logged
 2022-04-23T21:21:49.096394+0300 MESSAGE WITH GREETINGS WAS SENT
 2022-04-23T21:21:50.215056+0300 Отправил GO на топик tomatocoder/go
 2022-04-23T21:21:52.028157+0300 Connected and logged
 2022-04-23T21:26:52.906244+0300 MESSAGE WITH GREETINGS WAS SENT
 2022-04-23T21:26:54.927849+0300 Отправил GO на топик tomatocoder/go
 2022-04-23T21:26:59.584973+0300 Connected and logged
 2022-04-23T21:31:58.194250+0300 MESSAGE WITH GREETINGS WAS SENT
 2022-04-23T21:32:01.364128+0300 Connected and logged
 2022-04-23T21:32:21.965819+0300 MESSAGE WITH GREETINGS WAS SENT
 2022-04-23T21:32:42.295498+0300 MESSAGE WITH GREETINGS WAS SENT
 2022-04-23T21:32:44.804659+0300 Connected and logged
 2022-04-23T21:33:39.596827+0300 MESSAGE WITH GREETINGS WAS SENT
 2022-04-23T21:33:42.726338+0300 Connected and logged
 2022-04-23T21:37:02.800856+0300 MESSAGE WITH GREETINGS WAS SENT
 2022-04-23T21:37:06.176449+0300 Connected and logged
 2022-04-23T21:37:24.376683+0300 MESSAGE WITH GREETINGS WAS SENT
 2022-04-23T21:37:26.170505+0300 Connected and logged
 2022-04-23T21:38:46.084996+0300 Отправил GO на топик tomatocoder/go
 2022-04-23T21:38:48.444315+0300 Connected and logged
 2022-04-23T21:39:11.169879+0300 MESSAGE WITH GREETINGS WAS SENT
 2022-04-23T21:39:13.257608+0300 Connected and logged
 2022-04-23T21:40:06.201203+0300 MESSAGE WITH GREETINGS WAS SENT
 2022-04-23T21:40:08.244141+0300 Connected and logged
 2022-04-23T21:42:50.511997+0300 MESSAGE WITH GREETINGS WAS SENT
 2022-04-23T21:42:53.312306+0300 Connected and logged
 2022-04-23T21:43:09.761766+0300 MESSAGE WITH GREETINGS WAS SENT
 2022-04-23T21:43:11.866076+0300 Connected and logged
 2022-04-23T21:43:40.083912+0300 MESSAGE WITH GREETINGS WAS SENT
 2022-04-23T21:43:41.125002+0300 Отправил GO на топик tomatocoder/go
 2022-04-23T21:43:43.760402+0300 Connected and logged
 2022-04-23T21:44:08.830008+0300 MESSAGE WITH GREETINGS WAS SENT
 2022-04-23T21:44:10.734883+0300 Connected and logged
 2022-04-23T21:49:07.676598+0300 MESSAGE WITH GREETINGS WAS SENT
 2022-04-23T21:49:09.069687+0300 Отправил GO на топик tomatocoder/go
 2022-04-23T21:49:10.880674+0300 Connected and logged
 2022-04-23T21:49:38.552025+0300 MESSAGE WITH GREETINGS WAS SENT
 2022-04-23T21:49:40.064451+0300 Connected and logged
 2022-04-23T21:50:02.311082+0300 MESSAGE WITH GREETINGS WAS SENT
 2022-04-23T21:50:05.473237+0300 Connected and logged
 2022-04-23T21:50:16.058941+0300 MESSAGE WITH GREETINGS WAS SENT
 2022-04-23T21:50:17.728412+0300 Connected and logged
 2022-04-23T21:50:25.851168+0300 MESSAGE WITH GREETINGS WAS SENT
 2022-04-23T21:50:27.144863+0300 Connected and logged
 2022-04-24T15:15:34.426705+0300 MESSAGE WITH GREETINGS WAS SENT
 2022-04-24T15:15:35.651520+0300 Отправил GO на топик tomatocoder/go
 2022-04-24T15:15:37.351301+0300 Connected and logged
 2022-04-24T15:16:02.708396+0300 MESSAGE WITH GREETINGS WAS SENT
 2022-04-24T15:16:05.028625+0300 Отправил GO на топик tomatocoder/go
 2022-04-24T15:16:06.253929+0300 Connected and logged
 2022-04-24T15:17:37.595105+0300 MESSAGE WITH GREETINGS WAS SENT
 2022-04-24T15:17:38.818576+0300 Отправил GO на топик tomatocoder/go
 2022-04-24T15:17:40.263835+0300 Connected and logged
 2022-04-24T15:23:58.326092+0300 MESSAGE WITH GREETINGS WAS SENT
 2022-04-24T15:24:00.248474+0300 Отправил GO на топик tomatocoder/go
 2022-04-24T15:24:01.462242+0300 Connected and logged
 2022-04-24T15:25:14.065820+0300 MESSAGE WITH GREETINGS WAS SENT
 2022-04-24T15:25:17.636946+0300 Отправил GO на топик tomatocoder/go
 2022-04-24T15:25:18.903271+0300 Connected and logged
 2022-04-24T15:25:18.903880+0300 opened photo
 2022-04-29T19:08:28.628414+0300 MESSAGE WITH GREETINGS WAS SENT
 2022-04-29T19:08:30.194247+0300 Отправил GO на топик tomatocoder/go
 2022-04-29T19:08:31.456175+0300 Connected and logged
 2022-04-29T19:08:31.458183+0300 opened photo
 2022-04-29T19:09:29.439803+0300 MESSAGE WITH GREETINGS WAS SENT
 2022-04-29T19:09:30.368504+0300 Connected and logged
 2022-04-29T19:09:30.369603+0300 opened photo
 2022-04-29T19:09:31.336051+0300 downloaded PHOTO file
 2022-04-29T19:09:31.340391+0300 opened audio
 2022-04-29T19:09:32.370600+0300 downloaded AUDIO file
 2022-04-29T19:09:32.371079+0300 opened PHOTO file
 2022-04-29T19:09:32.371203+0300 opened AUDIO file
 2022-04-29T19:09:34.425942+0300 Send photo and audio
 2022-04-29T22:42:11.849129+0300 MESSAGE WITH GREETINGS WAS SENT
 2022-04-29T22:42:13.444128+0300 Отправил GO на топик tomatocoder/go
 2022-04-29T22:42:14.929558+0300 Connected and logged
 2022-04-29T22:42:14.931120+0300 opened photo
 2022-04-30T18:22:58.472409+0300 MESSAGE WITH GREETINGS WAS SENT
 2022-04-30T18:22:59.577018+0300 Отправил GO на топик tomatocoder/go
 2022-04-30T18:23:05.628761+0300 226 Directory send OK.
 2022-04-30T18:23:05.629551+0300 CONNECTED TO ('213.226.112.19', 21) 
 2022-04-30T18:23:06.607369+0300 DOWNLOADED FROM FTP-SERVER FILE frame.jpg
 2022-04-30T18:23:07.782297+0300 DOWNLOADED FROM FTP-SERVER FILE output.wav
 2022-04-30T18:23:07.783732+0300 opened PHOTO file
 2022-04-30T18:23:07.784116+0300 opened AUDIO file
 2022-04-30T18:23:08.312026+0300 226 Directory send OK.
 2022-04-30T18:23:08.312531+0300 CONNECTED TO ('213.226.112.19', 21) 
 2022-04-30T18:23:08.687224+0300 DOWNLOADED FROM FTP-SERVER FILE frame.jpg
 2022-04-30T18:23:09.237482+0300 DOWNLOADED FROM FTP-SERVER FILE output.wav
 2022-04-30T18:23:09.238842+0300 opened PHOTO file
 2022-04-30T18:23:09.239252+0300 opened AUDIO file
 2022-04-30T18:23:10.246038+0300 Send photo and audio
 2022-04-30T18:23:10.247501+0300 Send photo and audio
 2022-05-01T11:06:36.849349+0300 MESSAGE WITH GREETINGS WAS SENT
 2022-05-01T11:06:38.170485+0300 Отправил GO на топик tomatocoder/go
 2022-05-01T11:06:39.911902+0300 226 Directory send OK.
 2022-05-01T11:06:39.912368+0300 CONNECTED TO ('213.226.112.19', 21) 
 2022-05-01T11:06:40.792682+0300 DOWNLOADED FROM FTP-SERVER FILE frame.jpg
 2022-05-01T11:06:41.937047+0300 DOWNLOADED FROM FTP-SERVER FILE output.wav
 2022-05-01T11:06:41.938451+0300 opened PHOTO file
 2022-05-01T11:06:41.939020+0300 opened AUDIO file
 2022-05-01T11:06:43.566241+0300 Send photo and audio
 2022-05-01T11:16:51.964182+0300 MESSAGE WITH GREETINGS WAS SENT
 2022-05-01T11:16:53.084786+0300 Отправил GO на топик tomatocoder/go
 2022-05-01T11:16:54.567793+0300 226 Directory send OK.
 2022-05-01T11:16:54.568387+0300 CONNECTED TO ('213.226.112.19', 21) 
 2022-05-01T11:16:55.422320+0300 DOWNLOADED FROM FTP-SERVER FILE frame.jpg
 2022-05-01T11:16:56.439334+0300 DOWNLOADED FROM FTP-SERVER FILE output.wav
 2022-05-01T11:16:56.441677+0300 opened PHOTO file
 2022-05-01T11:16:56.442311+0300 opened AUDIO file
 2022-05-01T11:17:02.254372+0300 Send photo and audio
 2022-05-01T11:25:28.623304+0300 MESSAGE WITH GREETINGS WAS SENT
 2022-05-01T11:25:30.724683+0300 226 Directory send OK.
 2022-05-01T11:25:30.726515+0300 CONNECTED TO ('213.226.112.19', 21) 
 2022-05-01T11:25:31.582972+0300 DOWNLOADED FROM FTP-SERVER FILE frame.jpg
 2022-05-01T11:25:32.599824+0300 DOWNLOADED FROM FTP-SERVER FILE output.wav
 2022-05-01T11:25:32.601521+0300 opened PHOTO file
 2022-05-01T11:25:32.602064+0300 opened AUDIO file
 2022-05-01T11:25:38.073715+0300 Send photo and audio
 2022-05-01T11:26:29.931849+0300 Отправил GO на топик tomatocoder/go
 2022-05-01T11:26:32.770007+0300 Отправил GO на топик tomatocoder/go
 2022-05-01T11:26:33.016893+0300 Отправил GO на топик tomatocoder/go
 2022-05-01T11:26:33.040512+0300 Отправил GO на топик tomatocoder/go
 2022-05-01T11:26:33.516954+0300 Отправил GO на топик tomatocoder/go
 2022-05-01T11:26:33.535521+0300 Отправил GO на топик tomatocoder/go
 2022-05-01T11:26:33.742186+0300 Отправил GO на топик tomatocoder/go
 2022-05-01T11:26:34.055762+0300 Отправил GO на топик tomatocoder/go
 2022-05-01T11:26:34.244682+0300 Отправил GO на топик tomatocoder/go
 2022-05-01T11:26:34.675921+0300 Отправил GO на топик tomatocoder/go
 2022-05-01T11:26:34.924035+0300 Отправил GO на топик tomatocoder/go
 2022-05-01T11:26:35.159675+0300 Отправил GO на топик tomatocoder/go
 2022-05-01T11:26:35.576252+0300 Отправил GO на топик tomatocoder/go
 2022-05-01T11:26:35.844824+0300 Отправил GO на топик tomatocoder/go
 2022-05-01T11:26:41.682013+0300 226 Directory send OK.
 2022-05-01T11:26:41.682954+0300 CONNECTED TO ('213.226.112.19', 21) 
 2022-05-01T11:26:42.625272+0300 DOWNLOADED FROM FTP-SERVER FILE frame.jpg
 2022-05-01T11:26:43.616789+0300 DOWNLOADED FROM FTP-SERVER FILE output.wav
 2022-05-01T11:26:43.619042+0300 opened PHOTO file
 2022-05-01T11:26:43.619861+0300 opened AUDIO file
 2022-05-01T11:26:45.169578+0300 Send photo and audio
 2022-05-01T12:30:29.190203+0300 MESSAGE WITH GREETINGS WAS SENT
 2022-05-01T12:30:30.405535+0300 Отправил GO на топик tomatocoder/go
 2022-05-01T12:30:32.699292+0300 226 Directory send OK.
 2022-05-01T12:30:32.700037+0300 CONNECTED TO ('213.226.112.19', 21) 
 2022-05-01T12:30:33.668494+0300 DOWNLOADED FROM FTP-SERVER FILE frame.jpg
 2022-05-01T12:30:34.658635+0300 DOWNLOADED FROM FTP-SERVER FILE output.wav
 2022-05-01T12:30:34.660151+0300 opened PHOTO file
 2022-05-01T12:30:34.660594+0300 opened AUDIO file
 2022-05-01T12:30:37.681317+0300 Send photo and audio
 2022-05-01T12:36:38.299012+0300 MESSAGE WITH GREETINGS WAS SENT
 2022-05-01T12:36:40.465549+0300 226 Directory send OK.
 2022-05-01T12:36:40.466501+0300 CONNECTED TO ('213.226.112.19', 21) 
 2022-05-01T12:36:41.507906+0300 DOWNLOADED FROM FTP-SERVER FILE frame.jpg
 2022-05-01T12:36:42.589912+0300 DOWNLOADED FROM FTP-SERVER FILE output.wav
 2022-05-01T12:36:42.591532+0300 opened PHOTO file
 2022-05-01T12:36:42.591943+0300 opened AUDIO file
 2022-05-01T12:36:44.434045+0300 Send photo and audio
 2022-05-01T12:46:26.372483+0300 MESSAGE WITH GREETINGS WAS SENT
 2022-05-01T12:46:28.306040+0300 226 Directory send OK.
 2022-05-01T12:46:28.307019+0300 CONNECTED TO ('213.226.112.19', 21) 
 2022-05-01T12:46:30.155273+0300 DOWNLOADED FROM FTP-SERVER FILE frame.jpg
 2022-05-01T12:46:32.376862+0300 DOWNLOADED FROM FTP-SERVER FILE output.wav
 2022-05-01T12:46:32.378369+0300 opened PHOTO file
 2022-05-01T12:46:32.378853+0300 opened AUDIO file
 2022-05-01T12:46:35.333246+0300 Send photo and audio
 2022-05-01T12:49:27.114087+0300 MESSAGE WITH GREETINGS WAS SENT
 2022-05-01T12:49:28.487250+0300 Отправил GO на топик tomatocoder/go
 2022-05-01T12:49:30.687331+0300 226 Directory send OK.
 2022-05-01T12:49:30.688481+0300 CONNECTED TO ('213.226.112.19', 21) 
 2022-05-01T12:49:32.438586+0300 DOWNLOADED FROM FTP-SERVER FILE frame.jpg
 2022-05-01T12:49:34.656123+0300 DOWNLOADED FROM FTP-SERVER FILE output.wav
 2022-05-01T12:49:34.657646+0300 opened PHOTO file
 2022-05-01T12:49:34.658052+0300 opened AUDIO file
 2022-05-01T12:49:39.578398+0300 Send photo and audio
 2022-05-01T13:13:52.988990+0300 MESSAGE WITH GREETINGS WAS SENT
 2022-05-01T13:13:54.229886+0300 Отправил GO на топик tomatocoder/go
 2022-05-01T13:13:58.014991+0300 226 Directory send OK.
 2022-05-01T13:13:58.015912+0300 CONNECTED TO ('213.226.112.19', 21) 
 2022-05-01T13:13:59.590985+0300 DOWNLOADED FROM FTP-SERVER FILE frame.jpg
 2022-05-01T13:14:02.074183+0300 DOWNLOADED FROM FTP-SERVER FILE output.wav
 2022-05-01T13:14:02.075743+0300 opened PHOTO file
 2022-05-01T13:14:02.076210+0300 opened AUDIO file
 2022-05-01T13:14:03.777449+0300 Send photo and audio
 2022-05-01T13:14:44.520166+0300 MESSAGE WITH GREETINGS WAS SENT
 2022-05-01T13:14:55.304701+0300 226 Directory send OK.
 2022-05-01T13:14:55.305623+0300 CONNECTED TO ('213.226.112.19', 21) 
 2022-05-01T13:14:59.380064+0300 DOWNLOADED FROM FTP-SERVER FILE frame.jpg
 2022-05-01T13:15:02.385379+0300 DOWNLOADED FROM FTP-SERVER FILE output.wav
 2022-05-01T13:15:02.386881+0300 opened PHOTO file
 2022-05-01T13:15:02.387316+0300 opened AUDIO file
 2022-05-01T13:15:04.845760+0300 Send photo and audio
 2022-05-01T13:23:34.731215+0300 MESSAGE WITH GREETINGS WAS SENT
 2022-05-01T13:23:37.411647+0300 226 Directory send OK.
 2022-05-01T13:23:37.412471+0300 CONNECTED TO ('213.226.112.19', 21) 
 2022-05-01T13:23:37.959006+0300 DOWNLOADED FROM FTP-SERVER FILE frame.jpg
 2022-05-01T13:23:40.217230+0300 DOWNLOADED FROM FTP-SERVER FILE output.wav
 2022-05-01T13:23:40.218691+0300 opened PHOTO file
 2022-05-01T13:23:40.219082+0300 opened AUDIO file
 2022-05-01T13:23:41.647583+0300 Send photo and audio
 2022-05-02T11:54:38.116204+0300 MESSAGE WITH GREETINGS WAS SENT
 2022-05-02T11:54:39.205646+0300 Отправил GO на топик tomatocoder/go
 2022-05-02T11:54:40.508553+0300 226 Directory send OK.
 2022-05-02T11:54:40.508950+0300 CONNECTED TO ('213.226.112.19', 21) 
 2022-05-02T11:54:40.757050+0300 DOWNLOADED FROM FTP-SERVER FILE frame.jpg
 2022-05-02T11:54:41.322469+0300 DOWNLOADED FROM FTP-SERVER FILE output.wav
 2022-05-02T11:54:41.324195+0300 opened PHOTO file
 2022-05-02T11:54:41.324678+0300 opened AUDIO file
 2022-05-02T11:54:42.210061+0300 Send photo and audio
 2022-05-02T11:55:36.609942+0300 226 Directory send OK.
 2022-05-02T11:55:36.611753+0300 CONNECTED TO ('213.226.112.19', 21) 
 2022-05-02T11:55:37.102301+0300 DOWNLOADED FROM FTP-SERVER FILE frame.jpg
 2022-05-02T11:55:37.978517+0300 DOWNLOADED FROM FTP-SERVER FILE output.wav
 2022-05-02T11:55:37.980028+0300 opened PHOTO file
 2022-05-02T11:55:37.980469+0300 opened AUDIO file
 2022-05-02T11:55:39.204847+0300 Send photo and audio
 2022-05-02T11:56:42.091753+0300 226 Directory send OK.
 2022-05-02T11:56:42.093365+0300 CONNECTED TO ('213.226.112.19', 21) 
 2022-05-02T11:56:42.519813+0300 DOWNLOADED FROM FTP-SERVER FILE frame.jpg
 2022-05-02T11:56:43.358159+0300 DOWNLOADED FROM FTP-SERVER FILE output.wav
 2022-05-02T11:56:43.359657+0300 opened PHOTO file
 2022-05-02T11:56:43.360122+0300 opened AUDIO file
 2022-05-02T11:56:44.624600+0300 Send photo and audio
 2022-05-02T11:59:56.698606+0300 MESSAGE WITH GREETINGS WAS SENT
 2022-05-02T11:59:57.947604+0300 226 Directory send OK.
 2022-05-02T11:59:57.948416+0300 CONNECTED TO ('213.226.112.19', 21) 
 2022-05-02T11:59:58.373984+0300 DOWNLOADED FROM FTP-SERVER FILE frame.jpg
 2022-05-02T11:59:58.743707+0300 DOWNLOADED FROM FTP-SERVER FILE output.wav
 2022-05-02T11:59:58.745351+0300 opened PHOTO file
 2022-05-02T11:59:58.745895+0300 opened AUDIO file
 2022-05-02T12:00:00.741588+0300 Send photo and audio
 2022-05-02T12:01:35.468320+0300 MESSAGE WITH GREETINGS WAS SENT
 2022-05-02T12:01:37.003902+0300 226 Directory send OK.
 2022-05-02T12:01:37.004840+0300 CONNECTED TO ('213.226.112.19', 21) 
 2022-05-02T12:01:37.353934+0300 DOWNLOADED FROM FTP-SERVER FILE frame.jpg
 2022-05-02T12:01:37.958426+0300 DOWNLOADED FROM FTP-SERVER FILE output.wav
 2022-05-02T12:01:37.960898+0300 opened PHOTO file
 2022-05-02T12:01:37.961452+0300 opened AUDIO file
 2022-05-02T12:01:39.431004+0300 Send photo and audio
 2022-05-02T13:41:48.800188+0300 MESSAGE WITH GREETINGS WAS SENT
 2022-05-02T13:41:50.434400+0300 Отправил GO на топик tomatocoder/go
 2022-05-02T13:41:51.359202+0300 226 Directory send OK.
 2022-05-02T13:41:51.359770+0300 CONNECTED TO ('213.226.112.19', 21) 
 2022-05-02T13:41:51.853301+0300 DOWNLOADED FROM FTP-SERVER FILE frame.jpg
 2022-05-02T13:41:52.294854+0300 DOWNLOADED FROM FTP-SERVER FILE output.wav
 2022-05-02T13:41:52.296093+0300 opened PHOTO file
 2022-05-02T13:41:52.296610+0300 opened AUDIO file
 2022-05-02T13:41:53.333306+0300 Send photo and audio
 2022-05-02T13:42:25.740708+0300 MESSAGE WITH GREETINGS WAS SENT
 2022-05-02T13:42:27.653328+0300 Отправил GO на топик tomatocoder/go
 2022-05-02T13:42:28.797261+0300 226 Directory send OK.
 2022-05-02T13:42:28.797640+0300 CONNECTED TO ('213.226.112.19', 21) 
 2022-05-02T13:42:29.144848+0300 DOWNLOADED FROM FTP-SERVER FILE frame.jpg
 2022-05-02T13:42:29.845310+0300 DOWNLOADED FROM FTP-SERVER FILE output.wav
 2022-05-02T13:42:29.846596+0300 opened PHOTO file
 2022-05-02T13:42:29.846966+0300 opened AUDIO file
 2022-05-02T13:42:31.552195+0300 Send photo and audio
 2022-05-02T14:00:14.341785+0300 MESSAGE WITH GREETINGS WAS SENT
 2022-05-02T14:00:16.287081+0300 226 Directory send OK.
 2022-05-02T14:00:16.287853+0300 CONNECTED TO ('213.226.112.19', 21) 
 2022-05-02T14:00:16.756574+0300 DOWNLOADED FROM FTP-SERVER FILE frame.jpg
 2022-05-02T14:00:17.314836+0300 DOWNLOADED FROM FTP-SERVER FILE output.wav
 2022-05-02T14:00:17.317262+0300 opened PHOTO file
 2022-05-02T14:00:17.317750+0300 opened AUDIO file
 2022-05-02T14:00:18.413716+0300 Send photo and audio
 2022-05-02T14:01:57.775685+0300 MESSAGE WITH GREETINGS WAS SENT
 2022-05-02T14:01:59.180459+0300 Отправил GO на топик tomatocoder/go
 2022-05-02T14:01:59.493021+0300 226 Directory send OK.
 2022-05-02T14:01:59.493776+0300 CONNECTED TO ('213.226.112.19', 21) 
 2022-05-02T14:01:59.974626+0300 DOWNLOADED FROM FTP-SERVER FILE frame.jpg
 2022-05-02T14:02:00.430527+0300 DOWNLOADED FROM FTP-SERVER FILE output.wav
 2022-05-02T14:02:00.431484+0300 opened PHOTO file
 2022-05-02T14:02:00.431696+0300 opened AUDIO file
 2022-05-02T14:02:02.139660+0300 Send photo and audio
 2022-05-02T14:24:48.668933+0300 226 Directory send OK.
 2022-05-02T14:24:48.671728+0300 CONNECTED TO ('213.226.112.19', 21) 
 2022-05-02T14:24:49.008312+0300 DOWNLOADED FROM FTP-SERVER FILE frame.jpg
 2022-05-02T14:24:49.516616+0300 DOWNLOADED FROM FTP-SERVER FILE output.wav
 2022-05-02T14:24:49.518853+0300 opened PHOTO file
 2022-05-02T14:24:49.519425+0300 opened AUDIO file
 2022-05-02T14:24:50.586824+0300 Send photo and audio
 2022-05-02T14:25:18.452994+0300 226 Directory send OK.
 2022-05-02T14:25:18.453815+0300 CONNECTED TO ('213.226.112.19', 21) 
 2022-05-02T14:25:18.923320+0300 DOWNLOADED FROM FTP-SERVER FILE frame.jpg
 2022-05-02T14:25:19.386526+0300 DOWNLOADED FROM FTP-SERVER FILE output.wav
 2022-05-02T14:25:19.387649+0300 opened PHOTO file
 2022-05-02T14:25:19.388228+0300 opened AUDIO file
 2022-05-02T14:25:20.811147+0300 Send photo and audio
 2022-05-02T15:27:21.221281+0300 MESSAGE WITH GREETINGS WAS SENT
 2022-05-02T15:27:22.992584+0300 226 Directory send OK.
 2022-05-02T15:27:22.993197+0300 CONNECTED TO ('213.226.112.19', 21) 
 2022-05-02T15:27:23.487488+0300 DOWNLOADED FROM FTP-SERVER FILE frame.jpg
 2022-05-02T15:27:23.944651+0300 DOWNLOADED FROM FTP-SERVER FILE output.wav
 2022-05-02T15:28:32.138152+0300 MESSAGE WITH GREETINGS WAS SENT
 2022-05-02T15:28:34.131510+0300 226 Directory send OK.
 2022-05-02T15:28:34.132293+0300 CONNECTED TO ('213.226.112.19', 21) 
 2022-05-02T15:28:34.665312+0300 DOWNLOADED FROM FTP-SERVER FILE frame.jpg
 2022-05-02T15:28:35.161459+0300 DOWNLOADED FROM FTP-SERVER FILE output.wav
 2022-05-02T15:28:35.181671+0300 opened PHOTO file
 2022-05-02T15:28:35.182127+0300 opened AUDIO file
 2022-05-02T15:28:36.392460+0300 Send photo and audio
 2022-05-02T15:30:33.364225+0300 MESSAGE WITH GREETINGS WAS SENT
 2022-05-02T15:30:34.554936+0300 Отправил GO на топик tomatocoder/go
 2022-05-02T15:30:35.777479+0300 226 Directory send OK.
 2022-05-02T15:30:35.778247+0300 CONNECTED TO ('213.226.112.19', 21) 
 2022-05-02T15:30:36.294908+0300 DOWNLOADED FROM FTP-SERVER FILE frame.jpg
 2022-05-02T15:30:36.796764+0300 DOWNLOADED FROM FTP-SERVER FILE output.wav
 2022-05-02T15:30:36.819906+0300 opened PHOTO file
 2022-05-02T15:30:36.820830+0300 opened AUDIO file
 2022-05-02T15:30:38.362413+0300 Send photo and audio
 2022-05-02T15:31:21.565988+0300 226 Directory send OK.
 2022-05-02T15:31:21.566437+0300 CONNECTED TO ('213.226.112.19', 21) 
 2022-05-02T15:31:21.983907+0300 DOWNLOADED FROM FTP-SERVER FILE frame.jpg
 2022-05-02T15:31:22.517702+0300 DOWNLOADED FROM FTP-SERVER FILE output.wav
 2022-05-02T15:31:22.583975+0300 opened PHOTO file
 2022-05-02T15:31:22.584762+0300 opened AUDIO file
 2022-05-02T15:31:23.617575+0300 Send photo and audio
 2022-05-02T15:32:00.709933+0300 226 Directory send OK.
 2022-05-02T15:32:00.710813+0300 CONNECTED TO ('213.226.112.19', 21) 
 2022-05-02T15:32:01.196271+0300 DOWNLOADED FROM FTP-SERVER FILE frame.jpg
 2022-05-02T15:32:03.748061+0300 DOWNLOADED FROM FTP-SERVER FILE output.wav
 2022-05-02T15:32:03.768614+0300 opened PHOTO file
 2022-05-02T15:32:03.768951+0300 opened AUDIO file
 2022-05-02T15:32:07.231297+0300 Send photo and audio
 2022-05-02T15:32:25.540819+0300 226 Directory send OK.
 2022-05-02T15:32:25.541526+0300 CONNECTED TO ('213.226.112.19', 21) 
 2022-05-02T15:32:25.981279+0300 DOWNLOADED FROM FTP-SERVER FILE frame.jpg
 2022-05-02T15:32:26.494715+0300 DOWNLOADED FROM FTP-SERVER FILE output.wav
 2022-05-02T15:32:26.517577+0300 opened PHOTO file
 2022-05-02T15:32:26.517910+0300 opened AUDIO file
 2022-05-02T15:32:27.413522+0300 Send photo and audio
 2022-05-02T15:39:27.524262+0300 MESSAGE WITH GREETINGS WAS SENT
 2022-05-02T15:39:28.713362+0300 226 Directory send OK.
 2022-05-02T15:39:28.713725+0300 CONNECTED TO ('213.226.112.19', 21) 
 2022-05-02T15:39:29.189036+0300 DOWNLOADED FROM FTP-SERVER FILE frame.jpg
 2022-05-02T15:39:29.637072+0300 DOWNLOADED FROM FTP-SERVER FILE output.wav
 2022-05-02T15:39:29.659338+0300 opened PHOTO file
 2022-05-02T15:39:29.659739+0300 opened AUDIO file
 2022-05-02T15:39:34.912058+0300 Send photo and audio
 2022-05-02T15:40:00.509670+0300 MESSAGE WITH GREETINGS WAS SENT
 2022-05-02T15:40:01.616844+0300 226 Directory send OK.
 2022-05-02T15:40:01.617483+0300 CONNECTED TO ('213.226.112.19', 21) 
 2022-05-02T15:40:02.062973+0300 DOWNLOADED FROM FTP-SERVER FILE frame.jpg
 2022-05-02T15:40:02.591288+0300 DOWNLOADED FROM FTP-SERVER FILE output.wav
 2022-05-02T15:40:02.613059+0300 opened PHOTO file
 2022-05-02T15:40:02.613455+0300 opened AUDIO file
 2022-05-02T15:40:03.991316+0300 Send photo and audio
 2022-05-02T15:40:33.628251+0300 226 Directory send OK.
 2022-05-02T15:40:33.629493+0300 CONNECTED TO ('213.226.112.19', 21) 
 2022-05-02T15:40:34.093439+0300 DOWNLOADED FROM FTP-SERVER FILE frame.jpg
 2022-05-02T15:40:34.556427+0300 DOWNLOADED FROM FTP-SERVER FILE output.wav
 2022-05-02T15:40:34.578828+0300 opened PHOTO file
 2022-05-02T15:40:34.579096+0300 opened AUDIO file
 2022-05-02T15:40:36.059394+0300 Send photo and audio
 2022-05-03T11:45:40.180086+0300 MESSAGE WITH GREETINGS WAS SENT
 2022-05-03T11:45:41.902227+0300 Отправил GO на топик tomatocoder/go
 2022-05-03T11:45:43.446650+0300 226 Directory send OK.
 2022-05-03T11:45:43.447694+0300 CONNECTED TO ('213.226.112.19', 21) 
 2022-05-03T11:45:46.732131+0300 DOWNLOADED FROM FTP-SERVER FILE frame.jpg
 2022-05-03T11:45:47.404604+0300 DOWNLOADED FROM FTP-SERVER FILE output.wav
 2022-05-03T11:46:22.846942+0300 MESSAGE WITH GREETINGS WAS SENT
 2022-05-03T11:46:24.082103+0300 Отправил GO на топик tomatocoder/go
 2022-05-03T11:46:25.097470+0300 226 Directory send OK.
 2022-05-03T11:46:25.098052+0300 CONNECTED TO ('213.226.112.19', 21) 
 2022-05-03T11:46:25.695841+0300 DOWNLOADED FROM FTP-SERVER FILE frame.jpg
 2022-05-03T11:46:28.625742+0300 DOWNLOADED FROM FTP-SERVER FILE output.wav
 2022-05-03T11:46:28.652275+0300 opened PHOTO file
 2022-05-03T11:46:28.652948+0300 opened AUDIO file
 2022-05-03T11:46:30.890936+0300 Send photo and audio
 2022-05-09T10:34:34.154492+0300 MESSAGE WITH GREETINGS WAS SENT
 2022-05-09T10:36:11.777878+0300 MESSAGE WITH GREETINGS WAS SENT
 2022-05-09T10:36:13.853566+0300 226 Directory send OK.
 2022-05-09T10:36:13.854486+0300 CONNECTED TO ('213.226.112.19', 21) 
 2022-05-09T10:36:14.815719+0300 DOWNLOADED FROM FTP-SERVER FILE frame.jpg
 2022-05-09T10:36:16.078382+0300 DOWNLOADED FROM FTP-SERVER FILE output.wav
 2022-05-09T10:36:16.101637+0300 HAPPY
 2022-05-09T10:36:16.102656+0300 opened PHOTO file
 2022-05-09T10:36:16.103365+0300 opened AUDIO file
 2022-05-09T10:36:17.471662+0300 Send photo and audio
 2022-05-09T10:39:24.512478+0300 q
 2022-05-09T10:39:24.833802+0300 226 Directory send OK.
 2022-05-09T10:39:24.834757+0300 CONNECTED TO ('213.226.112.19', 21) 
 2022-05-09T10:39:25.855816+0300 DOWNLOADED FROM FTP-SERVER FILE frame.jpg
 2022-05-09T10:39:27.264500+0300 DOWNLOADED FROM FTP-SERVER FILE output.wav
 2022-05-09T10:39:27.290684+0300 HAPPY
 2022-05-09T10:39:27.291384+0300 opened PHOTO file
 2022-05-09T10:39:27.291564+0300 opened AUDIO file
 2022-05-09T10:39:28.708012+0300 Send photo and audio
 2022-05-09T10:47:12.985953+0300 MESSAGE WITH GREETINGS WAS SENT
 2022-05-09T10:47:15.177927+0300 226 Directory send OK.
 2022-05-09T10:47:15.178506+0300 CONNECTED TO ('213.226.112.19', 21) 
 2022-05-09T10:47:16.180038+0300 DOWNLOADED FROM FTP-SERVER FILE frame.jpg
 2022-05-09T10:47:17.466468+0300 DOWNLOADED FROM FTP-SERVER FILE output.wav
 2022-05-09T10:47:17.488795+0300 opened PHOTO file
 2022-05-09T10:47:17.489159+0300 opened AUDIO file
 2022-05-09T10:47:17.489274+0300 HAPPY
 2022-05-09T10:47:18.475415+0300 Send photo and audio
 2022-05-09T10:47:44.456196+0300 226 Directory send OK.
 2022-05-09T10:47:44.456724+0300 CONNECTED TO ('213.226.112.19', 21) 
 2022-05-09T10:47:45.417908+0300 DOWNLOADED FROM FTP-SERVER FILE frame.jpg
 2022-05-09T10:47:46.613339+0300 DOWNLOADED FROM FTP-SERVER FILE output.wav
 2022-05-09T10:47:46.636539+0300 opened PHOTO file
 2022-05-09T10:47:46.636738+0300 opened AUDIO file
 2022-05-09T10:47:46.636804+0300 HAPPY
 2022-05-09T10:47:47.733710+0300 Send photo and audio
 2022-05-09T10:50:53.141609+0300 226 Directory send OK.
 2022-05-09T10:50:53.141845+0300 CONNECTED TO ('213.226.112.19', 21) 
 2022-05-09T10:50:54.127047+0300 DOWNLOADED FROM FTP-SERVER FILE frame.jpg
 2022-05-09T10:50:55.378271+0300 DOWNLOADED FROM FTP-SERVER FILE output.wav
 2022-05-09T10:50:55.400680+0300 opened PHOTO file
 2022-05-09T10:50:55.400878+0300 opened AUDIO file
 2022-05-09T10:50:55.400941+0300 HAPPY
 2022-05-09T10:50:56.642833+0300 Send photo and audio
 2022-05-09T10:55:05.756603+0300 226 Directory send OK.
 2022-05-09T10:55:05.756841+0300 CONNECTED TO ('213.226.112.19', 21) 
 2022-05-09T10:55:06.840216+0300 DOWNLOADED FROM FTP-SERVER FILE frame.jpg
 2022-05-09T10:55:08.145108+0300 DOWNLOADED FROM FTP-SERVER FILE output.wav
 2022-05-09T10:55:08.261703+0300 opened PHOTO file
 2022-05-09T10:55:08.262559+0300 opened AUDIO file
 2022-05-09T10:55:08.262822+0300 HAPPY
 2022-05-09T10:56:32.003240+0300 226 Directory send OK.
 2022-05-09T10:56:32.003735+0300 CONNECTED TO ('213.226.112.19', 21) 
 2022-05-09T10:56:32.968260+0300 DOWNLOADED FROM FTP-SERVER FILE frame.jpg
 2022-05-09T10:56:34.262123+0300 DOWNLOADED FROM FTP-SERVER FILE output.wav
 2022-05-09T10:56:34.283538+0300 opened PHOTO file
 2022-05-09T10:56:34.283706+0300 opened AUDIO file
 2022-05-09T10:56:34.283770+0300 HAPPY
 2022-05-09T10:56:35.399506+0300 Send photo and audio
 2022-05-09T10:57:26.336755+0300 226 Directory send OK.
 2022-05-09T10:57:26.337027+0300 CONNECTED TO ('213.226.112.19', 21) 
 2022-05-09T10:57:27.115505+0300 DOWNLOADED FROM FTP-SERVER FILE frame.jpg
 2022-05-09T10:57:28.470290+0300 DOWNLOADED FROM FTP-SERVER FILE output.wav
 2022-05-09T10:57:28.491936+0300 opened PHOTO file
 2022-05-09T10:57:28.492109+0300 opened AUDIO file
 2022-05-09T10:57:28.492173+0300 HAPPY
 2022-05-09T10:57:29.805165+0300 Send photo and audio
 2022-05-09T12:55:23.618012+0300 MESSAGE WITH GREETINGS WAS SENT
 2022-05-09T12:55:25.345878+0300 226 Directory send OK.
 2022-05-09T12:55:25.346185+0300 CONNECTED TO ('213.226.112.19', 21) 
 2022-05-09T12:55:25.745864+0300 DOWNLOADED FROM FTP-SERVER FILE frame.jpg
 2022-05-09T12:55:26.090977+0300 DOWNLOADED FROM FTP-SERVER FILE output.wav
 2022-05-09T12:55:26.112870+0300 opened PHOTO file
 2022-05-09T12:55:26.113193+0300 opened AUDIO file
 2022-05-09T12:55:26.113332+0300 HAPPY
 2022-05-09T12:55:28.278862+0300 Send photo and audio
 2022-05-09T12:56:12.650269+0300 MESSAGE WITH GREETINGS WAS SENT
 2022-05-09T12:56:13.940860+0300 226 Directory send OK.
 2022-05-09T12:56:13.941190+0300 CONNECTED TO ('213.226.112.19', 21) 
 2022-05-09T12:56:14.268433+0300 DOWNLOADED FROM FTP-SERVER FILE frame.jpg
 2022-05-09T12:56:15.077662+0300 DOWNLOADED FROM FTP-SERVER FILE output.wav
 2022-05-09T12:56:15.100953+0300 opened PHOTO file
 2022-05-09T12:56:15.101279+0300 opened AUDIO file
 2022-05-09T12:56:15.101451+0300 HAPPY
 2022-05-09T12:56:16.042305+0300 Send photo and audio
 2022-05-09T12:56:29.775740+0300 MESSAGE WITH GREETINGS WAS SENT
 2022-05-09T12:56:30.964801+0300 226 Directory send OK.
 2022-05-09T12:56:30.965283+0300 CONNECTED TO ('213.226.112.19', 21) 
 2022-05-09T12:56:31.477439+0300 DOWNLOADED FROM FTP-SERVER FILE frame.jpg
 2022-05-09T12:56:31.955770+0300 DOWNLOADED FROM FTP-SERVER FILE output.wav
 2022-05-09T12:56:31.978638+0300 opened PHOTO file
 2022-05-09T12:56:31.978969+0300 opened AUDIO file
 2022-05-09T12:56:31.979114+0300 HAPPY
 2022-05-09T12:56:32.944352+0300 Send photo and audio
 2022-05-09T13:03:58.939436+0300 Отправил GO на топик tomatocoder/go
 2022-05-09T13:10:30.863088+0300 MESSAGE WITH GREETINGS WAS SENT
 2022-05-09T13:10:32.411115+0300 226 Directory send OK.
 2022-05-09T13:10:32.412038+0300 CONNECTED TO ('213.226.112.19', 21) 
 2022-05-09T13:10:32.829382+0300 DOWNLOADED FROM FTP-SERVER FILE frame.jpg
 2022-05-09T13:10:33.223063+0300 DOWNLOADED FROM FTP-SERVER FILE output.wav
 2022-05-09T13:10:33.397127+0300 opened PHOTO file
 2022-05-09T13:10:33.398035+0300 opened AUDIO file
 2022-05-09T13:10:33.398307+0300 HAPPY
 2022-05-09T13:10:34.239209+0300 Send photo and audio
 2022-05-09T13:11:14.389400+0300 MESSAGE WITH GREETINGS WAS SENT
 2022-05-09T13:11:18.976226+0300 226 Directory send OK.
 2022-05-09T13:11:18.977029+0300 CONNECTED TO ('213.226.112.19', 21) 
 2022-05-09T13:11:19.300978+0300 DOWNLOADED FROM FTP-SERVER FILE frame.jpg
 2022-05-09T13:11:19.818130+0300 DOWNLOADED FROM FTP-SERVER FILE output.wav
 2022-05-09T13:11:19.927043+0300 opened PHOTO file
 2022-05-09T13:11:19.927926+0300 opened AUDIO file
 2022-05-09T13:11:19.928206+0300 HAPPY
 2022-05-09T13:11:20.990927+0300 Send photo and audio
 2022-05-09T13:11:53.484277+0300 MESSAGE WITH GREETINGS WAS SENT
 2022-05-09T13:12:00.954794+0300 226 Directory send OK.
 2022-05-09T13:12:00.955406+0300 CONNECTED TO ('213.226.112.19', 21) 
 2022-05-09T13:12:01.262998+0300 DOWNLOADED FROM FTP-SERVER FILE frame.jpg
 2022-05-09T13:12:01.767366+0300 DOWNLOADED FROM FTP-SERVER FILE output.wav
 2022-05-09T13:12:01.888080+0300 opened PHOTO file
 2022-05-09T13:12:01.888711+0300 opened AUDIO file
 2022-05-09T13:12:01.889106+0300 HAPPY
 2022-05-09T13:12:02.921552+0300 Send photo and audio
 2022-05-09T13:13:13.632937+0300 MESSAGE WITH GREETINGS WAS SENT
 2022-05-09T13:13:14.910766+0300 226 Directory send OK.
 2022-05-09T13:13:14.911582+0300 CONNECTED TO ('213.226.112.19', 21) 
 2022-05-09T13:13:15.310787+0300 DOWNLOADED FROM FTP-SERVER FILE frame.jpg
 2022-05-09T13:13:15.660353+0300 DOWNLOADED FROM FTP-SERVER FILE output.wav
 2022-05-09T13:13:15.684823+0300 opened PHOTO file
 2022-05-09T13:13:15.685441+0300 opened AUDIO file
 2022-05-09T13:13:15.685695+0300 HAPPY
 2022-05-09T13:13:16.623356+0300 Send photo and audio
 2022-05-09T13:15:14.681558+0300 MESSAGE WITH GREETINGS WAS SENT
 2022-05-09T13:15:15.992429+0300 226 Directory send OK.
 2022-05-09T13:15:15.993059+0300 CONNECTED TO ('213.226.112.19', 21) 
 2022-05-09T13:15:16.306133+0300 DOWNLOADED FROM FTP-SERVER FILE frame.jpg
 2022-05-09T13:15:16.804874+0300 DOWNLOADED FROM FTP-SERVER FILE output.wav
 2022-05-09T13:15:16.943033+0300 opened PHOTO file
 2022-05-09T13:15:16.943690+0300 opened AUDIO file
 2022-05-09T13:15:16.943982+0300 HAPPY
 2022-05-09T13:15:59.720846+0300 MESSAGE WITH GREETINGS WAS SENT
 2022-05-09T13:16:06.846588+0300 226 Directory send OK.
 2022-05-09T13:16:06.847326+0300 CONNECTED TO ('213.226.112.19', 21) 
 2022-05-09T13:16:07.240549+0300 DOWNLOADED FROM FTP-SERVER FILE frame.jpg
 2022-05-09T13:16:07.617637+0300 DOWNLOADED FROM FTP-SERVER FILE output.wav
 2022-05-09T13:16:07.640609+0300 opened PHOTO file
 2022-05-09T13:16:07.641212+0300 opened AUDIO file
 2022-05-09T13:16:07.641374+0300 HAPPY
 2022-05-09T13:16:08.947677+0300 Send photo and audio
 2022-05-09T13:17:48.955355+0300 MESSAGE WITH GREETINGS WAS SENT
 2022-05-09T13:17:51.116095+0300 226 Directory send OK.
 2022-05-09T13:17:51.116955+0300 CONNECTED TO ('213.226.112.19', 21) 
 2022-05-09T13:17:51.426290+0300 DOWNLOADED FROM FTP-SERVER FILE frame.jpg
 2022-05-09T13:17:51.916837+0300 DOWNLOADED FROM FTP-SERVER FILE output.wav
 2022-05-09T13:17:51.940913+0300 opened PHOTO file
 2022-05-09T13:17:51.941640+0300 opened AUDIO file
 2022-05-09T13:17:51.941940+0300 HAPPY
 2022-05-09T13:17:55.308829+0300 Send photo and audio
 2022-05-09T13:19:27.523796+0300 MESSAGE WITH GREETINGS WAS SENT
 2022-05-09T13:19:29.359489+0300 226 Directory send OK.
 2022-05-09T13:19:29.359904+0300 CONNECTED TO ('213.226.112.19', 21) 
 2022-05-09T13:19:29.762337+0300 DOWNLOADED FROM FTP-SERVER FILE frame.jpg
 2022-05-09T13:19:30.274659+0300 DOWNLOADED FROM FTP-SERVER FILE output.wav
 2022-05-09T13:19:46.099442+0300 MESSAGE WITH GREETINGS WAS SENT
 2022-05-09T13:19:48.198402+0300 226 Directory send OK.
 2022-05-09T13:19:48.199280+0300 CONNECTED TO ('213.226.112.19', 21) 
 2022-05-09T13:19:48.607410+0300 DOWNLOADED FROM FTP-SERVER FILE frame.jpg
 2022-05-09T13:19:48.962699+0300 DOWNLOADED FROM FTP-SERVER FILE output.wav
 2022-05-09T13:19:48.986995+0300 opened PHOTO file
 2022-05-09T13:19:48.987773+0300 opened AUDIO file
 2022-05-09T13:19:48.988106+0300 HAPPY
 2022-05-09T13:19:49.935309+0300 Send photo and audio
 2022-05-09T13:22:15.955164+0300 MESSAGE WITH GREETINGS WAS SENT
 2022-05-09T13:22:18.632985+0300 226 Directory send OK.
 2022-05-09T13:22:18.633713+0300 CONNECTED TO ('213.226.112.19', 21) 
 2022-05-09T13:22:19.097162+0300 DOWNLOADED FROM FTP-SERVER FILE frame.jpg
 2022-05-09T13:22:19.881799+0300 DOWNLOADED FROM FTP-SERVER FILE output.wav
 2022-05-09T13:22:19.907260+0300 opened PHOTO file
 2022-05-09T13:22:19.908079+0300 opened AUDIO file
 2022-05-09T13:22:19.908365+0300 HAPPY
 2022-05-09T13:22:21.196291+0300 Send photo and audio
 2022-05-09T13:24:44.327479+0300 226 Directory send OK.
 2022-05-09T13:24:44.328366+0300 CONNECTED TO ('213.226.112.19', 21) 
 2022-05-09T13:24:44.644432+0300 DOWNLOADED FROM FTP-SERVER FILE frame.jpg
 2022-05-09T13:24:45.144131+0300 DOWNLOADED FROM FTP-SERVER FILE output.wav
 2022-05-09T13:24:45.264847+0300 opened PHOTO file
 2022-05-09T13:24:45.265694+0300 opened AUDIO file
 2022-05-09T13:24:45.265982+0300 HAPPY
 2022-05-09T13:25:00.978400+0300 Send photo and audio
 2022-05-09T13:26:58.200677+0300 MESSAGE WITH GREETINGS WAS SENT
 2022-05-09T13:26:59.794182+0300 226 Directory send OK.
 2022-05-09T13:26:59.795012+0300 CONNECTED TO ('213.226.112.19', 21) 
 2022-05-09T13:27:00.275075+0300 DOWNLOADED FROM FTP-SERVER FILE frame.jpg
 2022-05-09T13:27:00.722782+0300 DOWNLOADED FROM FTP-SERVER FILE output.wav
 2022-05-09T13:27:00.746363+0300 opened PHOTO file
 2022-05-09T13:27:00.747097+0300 opened AUDIO file
 2022-05-09T13:27:00.747367+0300 HAPPY
 2022-05-09T13:27:02.034429+0300 Send photo and audio
 2022-05-09T13:30:08.550150+0300 MESSAGE WITH GREETINGS WAS SENT
 2022-05-09T13:30:17.032349+0300 226 Directory send OK.
 2022-05-09T13:30:17.032932+0300 CONNECTED TO ('213.226.112.19', 21) 
 2022-05-09T13:30:17.542601+0300 DOWNLOADED FROM FTP-SERVER FILE frame.jpg
 2022-05-09T13:30:18.060371+0300 DOWNLOADED FROM FTP-SERVER FILE output.wav
 2022-05-09T13:30:18.084106+0300 opened PHOTO file
 2022-05-09T13:30:18.084798+0300 opened AUDIO file
 2022-05-09T13:30:18.084951+0300 HAPPY
 2022-05-09T13:30:50.430614+0300 226 Directory send OK.
 2022-05-09T13:30:50.431412+0300 CONNECTED TO ('213.226.112.19', 21) 
 2022-05-09T13:30:50.926569+0300 DOWNLOADED FROM FTP-SERVER FILE frame.jpg
 2022-05-09T13:30:51.359297+0300 DOWNLOADED FROM FTP-SERVER FILE output.wav
 2022-05-09T13:30:51.380010+0300 opened PHOTO file
 2022-05-09T13:30:51.380448+0300 opened AUDIO file
 2022-05-09T13:30:51.380579+0300 HAPPY
 2022-05-09T13:30:53.324527+0300 Send photo and audio
 2022-05-09T13:30:55.467812+0300 226 Directory send OK.
 2022-05-09T13:30:55.468604+0300 CONNECTED TO ('213.226.112.19', 21) 
 2022-05-09T13:30:55.782318+0300 DOWNLOADED FROM FTP-SERVER FILE frame.jpg
 2022-05-09T13:30:56.304483+0300 DOWNLOADED FROM FTP-SERVER FILE output.wav
 2022-05-09T13:30:56.327605+0300 opened PHOTO file
 2022-05-09T13:30:56.328208+0300 opened AUDIO file
 2022-05-09T13:30:56.328583+0300 HAPPY
 2022-05-09T13:30:56.722322+0300 226 Directory send OK.
 2022-05-09T13:30:56.723474+0300 CONNECTED TO ('213.226.112.19', 21) 
 2022-05-09T13:30:57.195795+0300 DOWNLOADED FROM FTP-SERVER FILE frame.jpg
 2022-05-09T13:30:57.665549+0300 DOWNLOADED FROM FTP-SERVER FILE output.wav
 2022-05-09T13:30:57.688801+0300 opened PHOTO file
 2022-05-09T13:30:57.689480+0300 opened AUDIO file
 2022-05-09T13:30:57.689737+0300 HAPPY
 2022-05-09T13:30:58.181401+0300 226 Directory send OK.
 2022-05-09T13:30:58.182167+0300 CONNECTED TO ('213.226.112.19', 21) 
 2022-05-09T13:30:58.590459+0300 DOWNLOADED FROM FTP-SERVER FILE frame.jpg
 2022-05-09T13:30:58.975128+0300 DOWNLOADED FROM FTP-SERVER FILE output.wav
 2022-05-09T13:30:58.999170+0300 opened PHOTO file
 2022-05-09T13:30:59.000053+0300 opened AUDIO file
 2022-05-09T13:30:59.000370+0300 HAPPY
 2022-05-09T13:30:59.593643+0300 226 Directory send OK.
 2022-05-09T13:30:59.594336+0300 CONNECTED TO ('213.226.112.19', 21) 
 2022-05-09T13:30:59.929800+0300 DOWNLOADED FROM FTP-SERVER FILE frame.jpg
 2022-05-09T13:31:00.508112+0300 DOWNLOADED FROM FTP-SERVER FILE output.wav
 2022-05-09T13:31:00.532222+0300 opened PHOTO file
 2022-05-09T13:31:00.532921+0300 opened AUDIO file
 2022-05-09T13:31:00.533114+0300 HAPPY
 2022-05-09T13:31:01.329406+0300 226 Directory send OK.
 2022-05-09T13:31:01.329756+0300 CONNECTED TO ('213.226.112.19', 21) 
 2022-05-09T13:31:01.810435+0300 DOWNLOADED FROM FTP-SERVER FILE frame.jpg
 2022-05-09T13:31:02.376424+0300 DOWNLOADED FROM FTP-SERVER FILE output.wav
 2022-05-09T13:31:02.401081+0300 opened PHOTO file
 2022-05-09T13:31:02.401947+0300 opened AUDIO file
 2022-05-09T13:31:02.402207+0300 HAPPY
 2022-05-09T13:31:03.007029+0300 Send photo and audio
 2022-05-09T13:31:03.600918+0300 Send photo and audio
 2022-05-09T13:31:03.798851+0300 Send photo and audio
 2022-05-09T13:31:03.882384+0300 Send photo and audio
 2022-05-09T13:31:07.413144+0300 Send photo and audio
 2022-05-09T13:31:42.588074+0300 MESSAGE WITH GREETINGS WAS SENT
 2022-05-09T13:31:44.385607+0300 226 Directory send OK.
 2022-05-09T13:31:44.386499+0300 CONNECTED TO ('213.226.112.19', 21) 
 2022-05-09T13:31:44.805916+0300 DOWNLOADED FROM FTP-SERVER FILE frame.jpg
 2022-05-09T13:31:45.154401+0300 DOWNLOADED FROM FTP-SERVER FILE output.wav
 2022-05-09T13:31:45.340347+0300 opened PHOTO file
 2022-05-09T13:31:45.341191+0300 opened AUDIO file
 2022-05-09T13:31:45.341480+0300 HAPPY
 2022-05-09T13:32:18.082280+0300 MESSAGE WITH GREETINGS WAS SENT
 2022-05-09T13:32:19.323301+0300 226 Directory send OK.
 2022-05-09T13:32:19.323881+0300 CONNECTED TO ('213.226.112.19', 21) 
 2022-05-09T13:32:19.635208+0300 DOWNLOADED FROM FTP-SERVER FILE frame.jpg
 2022-05-09T13:32:20.129148+0300 DOWNLOADED FROM FTP-SERVER FILE output.wav
 2022-05-09T13:32:20.151738+0300 opened PHOTO file
 2022-05-09T13:32:20.152084+0300 opened AUDIO file
 2022-05-09T13:32:20.152227+0300 HAPPY
 2022-05-09T13:32:43.480625+0300 MESSAGE WITH GREETINGS WAS SENT
 2022-05-09T13:32:44.480336+0300 226 Directory send OK.
 2022-05-09T13:32:44.481125+0300 CONNECTED TO ('213.226.112.19', 21) 
 2022-05-09T13:32:44.789779+0300 DOWNLOADED FROM FTP-SERVER FILE frame.jpg
 2022-05-09T13:32:45.313340+0300 DOWNLOADED FROM FTP-SERVER FILE output.wav
 2022-05-09T13:32:45.335404+0300 opened PHOTO file
 2022-05-09T13:32:45.335898+0300 opened AUDIO file
 2022-05-09T13:32:45.336059+0300 HAPPY
 2022-05-09T13:34:33.329801+0300 MESSAGE WITH GREETINGS WAS SENT
 2022-05-09T13:34:34.715073+0300 226 Directory send OK.
 2022-05-09T13:34:34.715910+0300 CONNECTED TO ('213.226.112.19', 21) 
 2022-05-09T13:34:35.209633+0300 DOWNLOADED FROM FTP-SERVER FILE frame.jpg
 2022-05-09T13:34:35.920871+0300 DOWNLOADED FROM FTP-SERVER FILE output.wav
 2022-05-09T13:34:35.941976+0300 opened PHOTO file
 2022-05-09T13:34:35.942264+0300 opened AUDIO file
 2022-05-09T13:34:35.942383+0300 HAPPY
 2022-05-09T13:34:56.008889+0300 MESSAGE WITH GREETINGS WAS SENT
 2022-05-09T13:34:57.003417+0300 226 Directory send OK.
 2022-05-09T13:34:57.004124+0300 CONNECTED TO ('213.226.112.19', 21) 
 2022-05-09T13:34:57.483681+0300 DOWNLOADED FROM FTP-SERVER FILE frame.jpg
 2022-05-09T13:34:57.989350+0300 DOWNLOADED FROM FTP-SERVER FILE output.wav
 2022-05-09T13:34:58.011076+0300 opened PHOTO file
 2022-05-09T13:34:58.011505+0300 opened AUDIO file
 2022-05-09T13:34:58.011680+0300 HAPPY
 2022-05-09T13:34:58.933472+0300 Send photo and audio
 2022-05-09T13:35:34.609672+0300 MESSAGE WITH GREETINGS WAS SENT
 2022-05-09T13:35:35.545164+0300 226 Directory send OK.
 2022-05-09T13:35:35.545854+0300 CONNECTED TO ('213.226.112.19', 21) 
 2022-05-09T13:35:36.029207+0300 DOWNLOADED FROM FTP-SERVER FILE frame.jpg
 2022-05-09T13:35:36.603784+0300 DOWNLOADED FROM FTP-SERVER FILE output.wav
 2022-05-09T13:35:36.626890+0300 opened PHOTO file
 2022-05-09T13:35:36.627315+0300 opened AUDIO file
 2022-05-09T13:35:36.627445+0300 HAPPY
 2022-05-09T13:35:37.789669+0300 Send photo and audio
 2022-05-09T13:35:48.870936+0300 226 Directory send OK.
 2022-05-09T13:35:48.871536+0300 CONNECTED TO ('213.226.112.19', 21) 
 2022-05-09T13:35:49.290514+0300 DOWNLOADED FROM FTP-SERVER FILE frame.jpg
 2022-05-09T13:35:49.840418+0300 DOWNLOADED FROM FTP-SERVER FILE output.wav
 2022-05-09T13:35:49.864047+0300 opened PHOTO file
 2022-05-09T13:35:49.864664+0300 opened AUDIO file
 2022-05-09T13:35:49.864816+0300 HAPPY
 2022-05-09T13:35:51.102202+0300 Send photo and audio
 2022-05-09T13:37:46.656690+0300 Отправил GO на топик tomatocoder/go
 2022-05-09T13:37:47.104653+0300 Отправил GO на топик tomatocoder/go
 2022-05-09T13:45:34.053885+0300 226 Directory send OK.
 2022-05-09T13:45:34.054272+0300 CONNECTED TO ('213.226.112.19', 21) 
 2022-05-09T13:45:34.382857+0300 DOWNLOADED FROM FTP-SERVER FILE frame.jpg
 2022-05-09T13:45:34.970084+0300 DOWNLOADED FROM FTP-SERVER FILE output.wav
 2022-05-09T13:45:34.997623+0300 opened PHOTO file
 2022-05-09T13:45:34.998417+0300 opened AUDIO file
 2022-05-09T13:45:34.998698+0300 HAPPY
 2022-05-09T13:45:35.875275+0300 Send photo and audio
 2022-05-10T10:23:25.273543+0300 Отправил GO на топик tomatocoder/go
 2022-05-10T10:23:49.390530+0300 Отправил GO на топик tomatocoder/go
 2022-05-10T10:23:50.037148+0300 Отправил GO на топик tomatocoder/go
 2022-05-10T10:23:50.626993+0300 Отправил GO на топик tomatocoder/go
 2022-05-10T10:23:51.272849+0300 Отправил GO на топик tomatocoder/go
 2022-05-10T10:23:52.137978+0300 Отправил GO на топик tomatocoder/go
 2022-05-10T10:23:52.617012+0300 Отправил GO на топик tomatocoder/go
 2022-05-10T10:23:53.484276+0300 Отправил GO на топик tomatocoder/go
 2022-05-10T10:26:03.694031+0300 Отправил GO на топик tomatocoder/go
 2022-05-10T10:26:06.754845+0300 226 Directory send OK.
 2022-05-10T10:26:06.755071+0300 CONNECTED TO ('213.226.112.19', 21) 
 2022-05-10T10:26:07.306397+0300 DOWNLOADED FROM FTP-SERVER FILE frame.jpg
 2022-05-10T10:26:07.903212+0300 DOWNLOADED FROM FTP-SERVER FILE output.wav
 2022-05-10T10:26:07.924600+0300 opened PHOTO file
 2022-05-10T10:26:07.924790+0300 opened AUDIO file
 2022-05-10T10:26:07.924856+0300 HAPPY
 2022-05-10T10:26:08.948998+0300 Send photo and audio
 2022-05-10T12:59:52.930661+0300 MESSAGE WITH GREETINGS WAS SENT
 2022-05-10T12:59:54.506531+0300 226 Directory send OK.
 2022-05-10T12:59:54.507195+0300 CONNECTED TO ('213.226.112.19', 21) 
 2022-05-10T12:59:55.011329+0300 DOWNLOADED FROM FTP-SERVER FILE frame.jpg
 2022-05-10T12:59:55.680260+0300 DOWNLOADED FROM FTP-SERVER FILE output.wav
 2022-05-10T12:59:55.705323+0300 opened PHOTO file
 2022-05-10T12:59:55.706226+0300 opened AUDIO file
 2022-05-10T12:59:55.706502+0300 HAPPY
 2022-05-10T13:00:00.091951+0300 Send photo and audio
 2022-05-10T14:41:38.602776+0300 Greetings were sent
 2022-05-10T14:41:42.188837+0300 Greetings were sent
 2022-05-10T14:42:32.120034+0300 Greetings were sent
 2022-05-10T14:42:42.317469+0300 Отправил GO на топик tomatocoder/go
 2022-05-10T14:43:12.885557+0300 226 Directory send OK.
 2022-05-10T14:43:12.886059+0300 CONNECTED TO ('213.226.112.19', 21) 
 2022-05-10T14:43:13.401990+0300 DOWNLOADED FROM FTP-SERVER FILE frame.jpg
 2022-05-10T14:43:14.199440+0300 DOWNLOADED FROM FTP-SERVER FILE output.wav
 2022-05-10T14:50:03.218592+0300 226 Directory send OK.
 2022-05-10T14:50:03.220259+0300 CONNECTED TO ('213.226.112.19', 21) 
 2022-05-10T14:50:04.849411+0300 DOWNLOADED FROM FTP-SERVER FILE frame.jpg
 2022-05-10T14:50:12.917993+0300 DOWNLOADED FROM FTP-SERVER FILE output.wav
 2022-05-10T14:50:12.940044+0300 opened PHOTO file
 2022-05-10T14:50:12.940248+0300 opened AUDIO file
 2022-05-10T14:50:13.937385+0300 Send photo and audio
 2022-05-10T15:20:28.029318+0300 Greetings were sent
 2022-05-10T15:20:30.414695+0300 226 Directory send OK.
 2022-05-10T15:20:30.415553+0300 CONNECTED TO ('213.226.112.19', 21) 
 2022-05-10T15:20:30.958311+0300 DOWNLOADED FROM FTP-SERVER FILE frame.jpg
 2022-05-10T15:20:31.629284+0300 DOWNLOADED FROM FTP-SERVER FILE output.wav
 2022-05-10T15:20:31.653345+0300 opened PHOTO file
 2022-05-10T15:20:31.654097+0300 opened AUDIO file
 2022-05-10T15:20:32.740310+0300 Send photo and audio
 2022-05-10T15:41:28.519408+0300 Greetings were sent
 2022-05-10T15:41:31.188552+0300 226 Directory send OK.
 2022-05-10T15:41:31.189316+0300 CONNECTED TO ('213.226.112.19', 21) 
 2022-05-10T15:41:31.741436+0300 DOWNLOADED FROM FTP-SERVER FILE frame.jpg
 2022-05-10T15:41:32.535514+0300 DOWNLOADED FROM FTP-SERVER FILE output.wav
 2022-05-10T15:41:32.559677+0300 opened PHOTO file
 2022-05-10T15:41:32.560607+0300 opened AUDIO file
 2022-05-10T15:41:34.434211+0300 Send photo and audio
 2022-05-10T16:14:56.560251+0300 Greetings were sent
 2022-05-10T16:14:58.460795+0300 226 Directory send OK.
 2022-05-10T16:14:58.461779+0300 CONNECTED TO ('213.226.112.19', 21) 
 2022-05-10T16:14:58.902265+0300 DOWNLOADED FROM FTP-SERVER FILE frame.jpg
 2022-05-10T16:14:59.700939+0300 DOWNLOADED FROM FTP-SERVER FILE output.wav
 2022-05-10T16:14:59.724343+0300 opened PHOTO file
 2022-05-10T16:14:59.725060+0300 opened AUDIO file
 2022-05-10T16:15:01.295804+0300 Send photo and audio
 2022-05-11T17:38:58.477141+0300 Greetings were sent
 2022-05-11T17:39:25.019559+0300 226 Directory send OK.
 2022-05-11T17:39:25.019524+0300 226 Directory send OK.
 2022-05-11T17:39:25.019778+0300 CONNECTED TO ('213.226.112.19', 21) 
 2022-05-11T17:39:25.019804+0300 CONNECTED TO ('213.226.112.19', 21) 
 2022-05-11T17:39:26.003848+0300 DOWNLOADED FROM FTP-SERVER FILE frame.jpg
 2022-05-11T17:39:26.003853+0300 DOWNLOADED FROM FTP-SERVER FILE frame.jpg
 2022-05-11T17:39:27.088579+0300 DOWNLOADED FROM FTP-SERVER FILE output.wav
 2022-05-11T17:39:27.091394+0300 DOWNLOADED FROM FTP-SERVER FILE output.wav
 2022-05-11T17:39:27.111516+0300 opened PHOTO file
 2022-05-11T17:39:27.111708+0300 opened AUDIO file
 2022-05-11T17:39:27.111514+0300 opened PHOTO file
 2022-05-11T17:39:27.112029+0300 opened AUDIO file
 2022-05-11T17:39:28.105530+0300 Send photo and audio
 2022-05-11T17:39:28.295848+0300 Send photo and audio
 2022-05-11T18:50:25.190979+0300 Greetings were sent
 2022-05-11T18:50:57.047782+0300 Отправил GO на топик tomatocoder/go
 2022-05-11T18:52:37.525510+0300 Отправил GO на топик tomatocoder/go
 2022-05-11T18:54:44.206352+0300 Отправил GO на топик tomatocoder/go
 2022-05-11T18:56:43.470874+0300 Отправил GO на топик tomatocoder/go
 2022-05-11T18:59:59.831017+0300 Отправил GO на топик tomatocoder/go
 2022-05-11T19:03:24.708098+0300 Отправил GO на топик tomatocoder/go
 2022-05-11T19:03:51.258670+0300 Greetings were sent
 2022-05-11T19:03:51.370757+0300 Отправил GO на топик tomatocoder/go
 2022-05-11T19:04:19.987098+0300 Отправил GO на топик tomatocoder/go
 2022-05-11T19:04:38.513691+0300 Отправил GO на топик tomatocoder/go
 2022-05-11T19:04:38.763755+0300 Greetings were sent
 2022-05-11T19:04:38.765431+0300 Greetings were sent
 2022-05-11T19:04:41.545949+0300 Отправил GO на топик tomatocoder/go
 2022-05-11T19:06:36.778504+0300 Greetings were sent
 2022-05-11T19:06:38.957087+0300 Отправил GO на топик tomatocoder/go
 2022-05-11T19:08:55.961852+0300 Отправил GO на топик tomatocoder/go
 2022-05-11T19:14:23.120270+0300 Greetings were sent
 2022-05-11T19:14:24.294994+0300 Отправил GO на топик tomatocoder/go
 2022-05-11T19:16:05.198859+0300 Greetings were sent
 2022-05-11T19:16:06.815551+0300 Отправил GO на топик tomatocoder/go
 2022-05-11T19:21:33.224061+0300 Отправил GO на топик tomatocoder/go
 2022-05-11T19:22:55.350571+0300 Отправил GO на топик tomatocoder/go
 2022-05-11T19:54:57.874358+0300 Отправил GO на топик tomatocoder/go
 2022-05-11T19:55:20.630497+0300 Отправил GO на топик tomatocoder/go
 2022-05-11T19:55:30.485154+0300 Greetings were sent
 2022-05-11T19:55:50.505682+0300 Отправил GO на топик tomatocoder/go
 2022-05-11T19:56:55.236410+0300 Отправил GO на топик tomatocoder/go
 2022-05-11T19:58:24.373486+0300 Отправил GO на топик tomatocoder/go
 2022-05-11T19:59:26.911994+0300 Отправил GO на топик tomatocoder/go
 2022-05-11T20:00:57.207943+0300 Отправил GO на топик tomatocoder/go
 2022-05-11T20:02:12.708912+0300 Отправил GO на топик tomatocoder/go
 2022-05-11T20:05:29.137879+0300 Отправил GO на топик tomatocoder/go
 2022-05-11T20:06:34.174172+0300 Отправил GO на топик tomatocoder/go
 2022-05-11T20:07:26.016491+0300 Отправил GO на топик tomatocoder/go
 2022-05-11T20:09:25.197703+0300 Отправил GO на топик tomatocoder/go
 2022-05-12T18:27:16.244247+0300 226 Directory send OK.
 2022-05-12T18:27:16.246976+0300 CONNECTED TO ('213.226.112.19', 21) 
 2022-05-12T18:27:16.681790+0300 DOWNLOADED FROM FTP-SERVER FILE frame.jpg
 2022-05-12T18:27:17.278990+0300 DOWNLOADED FROM FTP-SERVER FILE output.wav
 2022-05-12T18:27:17.282138+0300 opened PHOTO file
 2022-05-12T18:27:17.282493+0300 opened AUDIO file
 2022-05-12T18:27:18.983469+0300 Send photo and audio
 2022-05-12T18:27:38.489160+0300 226 Directory send OK.
 2022-05-12T18:27:38.489897+0300 CONNECTED TO ('213.226.112.19', 21) 
 2022-05-12T18:27:38.822939+0300 DOWNLOADED FROM FTP-SERVER FILE frame.jpg
 2022-05-12T18:27:39.379862+0300 DOWNLOADED FROM FTP-SERVER FILE output.wav
 2022-05-12T18:27:39.381451+0300 opened PHOTO file
 2022-05-12T18:27:39.381557+0300 opened AUDIO file
 2022-05-12T18:27:42.744186+0300 Send photo and audio
 2022-05-12T18:27:53.502843+0300 Greetings were sent
 2022-05-12T18:27:55.333496+0300 226 Directory send OK.
 2022-05-12T18:27:55.333933+0300 CONNECTED TO ('213.226.112.19', 21) 
 2022-05-12T18:27:55.672015+0300 DOWNLOADED FROM FTP-SERVER FILE frame.jpg
 2022-05-12T18:27:56.314948+0300 DOWNLOADED FROM FTP-SERVER FILE output.wav
 2022-05-12T18:27:56.336890+0300 opened PHOTO file
 2022-05-12T18:27:56.337052+0300 opened AUDIO file
 2022-05-12T18:27:57.379196+0300 Send photo and audio
 2022-05-12T18:29:47.695210+0300 Greetings were sent
 2022-05-12T18:29:51.044601+0300 226 Directory send OK.
 2022-05-12T18:29:51.045439+0300 CONNECTED TO ('213.226.112.19', 21) 
 2022-05-12T18:29:51.545754+0300 DOWNLOADED FROM FTP-SERVER FILE frame.jpg
 2022-05-12T18:29:52.078273+0300 DOWNLOADED FROM FTP-SERVER FILE output.wav
 2022-05-12T18:29:52.080509+0300 opened PHOTO file
 2022-05-12T18:29:52.080849+0300 opened AUDIO file
 2022-05-12T18:29:53.021662+0300 Send photo and audio
 2022-05-12T18:45:07.120970+0300 Greetings were sent
 2022-05-12T18:45:09.524542+0300 Отправил GO на топик tomatocoder/go
 2022-05-12T18:45:22.825712+0300 Greetings were sent
 2022-05-12T18:45:23.922161+0300 Отправил GO на топик tomatocoder/go
 2022-05-12T18:56:51.862156+0300 Отправил GO на топик tomatocoder/go
 2022-05-12T18:56:57.825155+0300 Greetings were sent
 2022-05-12T18:57:00.075243+0300 Отправил GO на топик tomatocoder/go
 2022-05-12T19:01:13.661118+0300 Greetings were sent
 2022-05-12T19:01:15.670140+0300 Отправил GO на топик tomatocoder/go
 2022-05-12T19:02:25.789014+0300 Отправил GO на топик tomatocoder/go
 2022-05-12T19:05:11.883876+0300 Greetings were sent
 2022-05-12T19:05:14.297108+0300 Отправил GO на топик tomatocoder/go
 2022-05-12T19:05:35.846363+0300 Отправил GO на топик tomatocoder/go
 2022-05-12T19:06:34.300466+0300 Отправил GO на топик tomatocoder/go
 2022-05-12T19:07:25.690760+0300 Greetings were sent
 2022-05-12T19:07:26.861310+0300 Отправил GO на топик tomatocoder/go
 2022-05-12T19:11:43.003763+0300 Отправил GO на топик tomatocoder/go
 2022-05-12T19:12:16.725863+0300 Отправил GO на топик tomatocoder/go
 2022-05-12T19:12:31.296114+0300 Отправил GO на топик tomatocoder/go
 2022-05-12T19:13:09.144072+0300 Отправил GO на топик tomatocoder/go
 2022-05-12T19:14:29.893212+0300 Отправил GO на топик tomatocoder/go
 2022-05-12T19:19:58.225110+0300 Отправил GO на топик tomatocoder/go
 2022-05-12T19:20:34.891720+0300 Greetings were sent
 2022-05-12T19:20:35.940123+0300 Отправил GO на топик tomatocoder/go
 2022-05-12T19:20:48.749488+0300 Greetings were sent
 2022-05-12T19:20:49.531424+0300 Отправил GO на топик tomatocoder/go
 2022-05-12T19:21:50.132720+0300 Greetings were sent
 2022-05-12T19:21:51.182413+0300 Отправил GO на топик tomatocoder/go
 2022-05-12T19:22:24.058036+0300 Отправил GO на топик tomatocoder/go
 2022-05-12T19:22:31.387649+0300 Отправил GO на топик tomatocoder/go
 2022-05-12T19:27:53.134554+0300 Greetings were sent
 2022-05-12T19:29:50.337006+0300 Greetings were sent
 2022-05-12T19:43:32.048779+0300 Отправил GO на топик tomatocoder/go
 2022-05-12T19:50:43.177931+0300 Отправил GO на топик tomatocoder/go
 2022-05-12T19:50:47.741579+0300 Отправил GO на топик tomatocoder/go
 2022-05-12T19:51:09.223334+0300 Отправил GO на топик tomatocoder/go
 2022-05-12T19:53:13.387698+0300 Greetings were sent
 2022-05-12T19:53:47.551062+0300 Отправил GO на топик tomatocoder/go
 2022-05-12T19:54:53.360358+0300 Greetings were sent
 2022-05-12T19:54:53.642282+0300 Greetings were sent
 2022-05-12T19:54:56.757497+0300 Отправил GO на топик tomatocoder/go
 2022-05-12T19:57:45.189711+0300 Отправил GO на топик tomatocoder/go
 2022-05-12T19:59:02.904356+0300 Greetings were sent
 2022-05-12T19:59:13.203654+0300 Отправил GO на топик tomatocoder/go
 2022-05-12T20:01:17.435909+0300 Отправил GO на топик tomatocoder/go
 2022-05-12T20:01:30.020955+0300 Greetings were sent
 2022-05-12T20:01:37.538194+0300 Отправил GO на топик tomatocoder/go
 2022-05-12T20:11:19.844183+0300 Greetings were sent
 2022-05-12T20:11:25.206228+0300 Отправил GO на топик tomatocoder/go
 2022-05-12T20:11:51.491134+0300 Greetings were sent
 2022-05-12T20:11:53.656316+0300 Отправил GO на топик tomatocoder/go
 2022-05-12T20:12:17.003497+0300 Отправил GO на топик tomatocoder/go
 2022-05-12T20:35:53.432081+0300 Отправил GO на топик tomatocoder/go
 2022-05-12T20:37:24.254625+0300 Отправил GO на топик tomatocoder/go
 2022-05-12T20:39:39.420236+0300 Отправил GO на топик tomatocoder/go
 2022-05-12T20:40:58.429747+0300 Отправил GO на топик tomatocoder/go
 2022-05-12T20:42:51.686421+0300 Отправил GO на топик tomatocoder/go
 2022-05-12T20:45:11.681362+0300 Отправил GO на топик tomatocoder/go
 2022-05-12T20:46:24.940297+0300 Отправил GO на топик tomatocoder/go
 2022-05-12T20:46:34.826860+0300 Отправил GO на топик tomatocoder/go
 2022-05-12T20:46:49.031008+0300 Отправил GO на топик tomatocoder/go
 2022-05-12T20:46:56.491756+0300 Отправил GO на топик tomatocoder/go
 2022-05-12T20:54:38.629385+0300 Отправил GO на топик tomatocoder/go
 2022-05-12T20:55:54.788454+0300 Отправил GO на топик tomatocoder/go
 2022-05-12T20:56:09.119730+0300 Отправил GO на топик tomatocoder/go
 2022-05-12T20:56:17.856702+0300 Отправил GO на топик tomatocoder/go
 2022-05-12T20:57:12.672695+0300 Отправил GO на топик tomatocoder/go
 2022-05-12T20:58:22.780725+0300 Отправил GO на топик tomatocoder/go
 2022-05-12T20:58:28.274350+0300 Отправил GO на топик tomatocoder/go
 2022-05-12T21:01:38.864914+0300 Отправил GO на топик tomatocoder/go
 2022-05-12T21:01:42.105542+0300 Отправил GO на топик tomatocoder/go
 2022-05-13T15:09:43.545300+0300 Greetings were sent
 2022-05-13T15:09:57.325942+0300 Отправил GO на топик tomatocoder/go
 2022-05-13T15:11:50.217612+0300 Отправил GO на топик tomatocoder/go
 2022-05-13T15:12:43.340419+0300 Greetings were sent
 2022-05-13T15:12:44.966084+0300 Отправил GO на топик tomatocoder/go
 2022-05-13T15:13:39.478206+0300 Отправил GO на топик tomatocoder/go
 2022-05-13T15:14:01.325701+0300 Greetings were sent
 2022-05-13T15:14:02.278821+0300 Отправил GO на топик tomatocoder/go
 2022-05-13T15:17:30.405841+0300 226 Directory send OK.
 2022-05-13T15:17:30.406310+0300 CONNECTED TO ('213.226.112.19', 21) 
 2022-05-13T15:17:30.772773+0300 DOWNLOADED FROM FTP-SERVER FILE frame.jpg
 2022-05-13T15:17:31.207014+0300 DOWNLOADED FROM FTP-SERVER FILE output.wav
 2022-05-13T15:17:31.230020+0300 opened PHOTO file
 2022-05-13T15:17:31.230331+0300 opened AUDIO file
 2022-05-13T15:17:32.160600+0300 Send photo and audio
 2022-05-13T15:23:11.868933+0300 Отправил GO на топик tomatocoder/go
 2022-05-13T15:23:12.595763+0300 Отправил GO на топик tomatocoder/go
 2022-05-13T15:23:13.340426+0300 Отправил GO на топик tomatocoder/go
 2022-05-13T15:23:14.025851+0300 Отправил GO на топик tomatocoder/go
 2022-05-13T15:23:14.768665+0300 Отправил GO на топик tomatocoder/go
 2022-05-13T15:23:15.400289+0300 Отправил GO на топик tomatocoder/go
 2022-05-13T15:23:16.070085+0300 Отправил GO на топик tomatocoder/go
 2022-05-13T15:23:16.702913+0300 Отправил GO на топик tomatocoder/go
 2022-05-13T15:23:17.426774+0300 Отправил GO на топик tomatocoder/go
 2022-05-13T15:23:18.150923+0300 Отправил GO на топик tomatocoder/go
 2022-05-13T15:23:18.750730+0300 Отправил GO на топик tomatocoder/go
 2022-05-13T15:23:19.495216+0300 Отправил GO на топик tomatocoder/go
 2022-05-13T15:23:20.000665+0300 Отправил GO на топик tomatocoder/go
 2022-05-13T15:23:20.705572+0300 Отправил GO на топик tomatocoder/go
 2022-05-13T15:23:21.248784+0300 Отправил GO на топик tomatocoder/go
 2022-05-13T15:29:57.195552+0300 Greetings were sent
 2022-05-13T15:29:58.563318+0300 Отправил GO на топик tomatocoder/go
 2022-05-13T15:30:17.326359+0300 Отправил GO на топик tomatocoder/go
 2022-05-13T15:30:40.380408+0300 Отправил GO на топик tomatocoder/go
 2022-05-13T15:30:58.554211+0300 1
 2022-05-13T15:30:58.729544+0300 Отправил GO на топик tomatocoder/go
 2022-05-13T15:32:06.183597+0300 Отправил GO на топик tomatocoder/go
 2022-05-13T15:32:40.441618+0300 Greetings were sent
 2022-05-13T15:32:41.807158+0300 Отправил GO на топик tomatocoder/go
 2022-05-13T15:33:04.675515+0300 Greetings were sent
 2022-05-13T15:33:06.000161+0300 Отправил GO на топик tomatocoder/go
 2022-05-13T15:33:33.558770+0300 Greetings were sent
 2022-05-13T15:33:35.429568+0300 Отправил GO на топик tomatocoder/go
 2022-05-13T15:34:13.557774+0300 Greetings were sent
 2022-05-13T15:34:14.474469+0300 Отправил GO на топик tomatocoder/go
 2022-05-13T15:34:15.232165+0300 Отправил GO на топик tomatocoder/go
 2022-05-13T15:34:15.874147+0300 Отправил GO на топик tomatocoder/go
 2022-05-13T15:34:30.919430+0300 226 Directory send OK.
 2022-05-13T15:34:30.920148+0300 CONNECTED TO ('213.226.112.19', 21) 
 2022-05-13T15:34:31.380296+0300 DOWNLOADED FROM FTP-SERVER FILE frame.jpg
 2022-05-13T15:34:31.847425+0300 DOWNLOADED FROM FTP-SERVER FILE output.wav
 2022-05-13T15:34:31.875019+0300 opened PHOTO file
 2022-05-13T15:34:31.875743+0300 opened AUDIO file
 2022-05-13T15:34:32.808306+0300 Send photo and audio
 2022-05-13T16:02:23.852521+0300 226 Directory send OK.
 2022-05-13T16:02:23.854803+0300 CONNECTED TO ('213.226.112.19', 21) 
 2022-05-13T16:02:24.628806+0300 DOWNLOADED FROM FTP-SERVER FILE frame.jpg
 2022-05-13T16:02:25.230070+0300 DOWNLOADED FROM FTP-SERVER FILE output.wav
 2022-05-13T16:02:25.250971+0300 opened PHOTO file
 2022-05-13T16:02:25.251273+0300 opened AUDIO file
 2022-05-13T16:02:26.420078+0300 Send photo and audio
 2022-05-13T18:06:08.123073+0300 Greetings were sent
 2022-05-13T18:06:12.852527+0300 Отправил GO на топик tomatocoder/go
 2022-05-13T18:06:36.632591+0300 Отправил GO на топик tomatocoder/go
 2022-05-13T18:06:52.627350+0300 Отправил GO на топик tomatocoder/go
 2022-05-13T18:10:23.540095+0300 Отправил GO на топик tomatocoder/go
 2022-05-13T18:14:56.940179+0300 Отправил GO на топик tomatocoder/go
 2022-05-13T18:25:52.524925+0300 Отправил GO на топик tomatocoder/go
 2022-05-13T18:35:03.614989+0300 Отправил GO на топик tomatocoder/go
 2022-05-13T18:36:35.035305+0300 Отправил GO на топик tomatocoder/go
 2022-05-13T18:37:02.413298+0300 Отправил GO на топик tomatocoder/go
 2022-05-13T18:47:24.805347+0300 Отправил GO на топик tomatocoder/go
 2022-05-13T18:57:32.277663+0300 226 Directory send OK.
 2022-05-13T18:57:32.281301+0300 CONNECTED TO ('213.226.112.19', 21) 
 2022-05-13T18:57:32.729666+0300 DOWNLOADED FROM FTP-SERVER FILE frame.jpg
 2022-05-13T18:57:33.286148+0300 DOWNLOADED FROM FTP-SERVER FILE output.wav
 2022-05-13T18:57:33.311987+0300 opened PHOTO file
 2022-05-13T18:57:33.312879+0300 opened AUDIO file
 2022-05-13T18:57:33.754175+0300 Отправил GO на топик tomatocoder/go
 2022-05-13T18:57:34.853094+0300 Send photo and audio
 2022-05-13T19:04:51.181759+0300 Отправил GO на топик tomatocoder/go
 2022-05-13T19:28:20.048768+0300 Greetings were sent
 2022-05-13T19:28:21.173292+0300 Отправил GO на топик tomatocoder/go
 2022-05-13T19:32:43.370154+0300 226 Directory send OK.
 2022-05-13T19:32:43.371386+0300 CONNECTED TO ('213.226.112.19', 21) 
 2022-05-13T19:32:43.918442+0300 DOWNLOADED FROM FTP-SERVER FILE frame.jpg
 2022-05-13T19:32:44.428173+0300 DOWNLOADED FROM FTP-SERVER FILE output.wav
 2022-05-13T19:32:44.706845+0300 opened PHOTO file
 2022-05-13T19:32:44.707779+0300 opened AUDIO file
 2022-05-13T19:32:45.218670+0300 Отправил GO на топик tomatocoder/go
 2022-05-13T19:32:46.095642+0300 Send photo and audio
 2022-05-13T19:35:19.539865+0300 Отправил GO на топик tomatocoder/go
 2022-05-13T20:08:17.242335+0300 Отправил GO на топик tomatocoder/go
 2022-05-13T20:10:11.111628+0300 226 Directory send OK.
 2022-05-13T20:10:11.124380+0300 CONNECTED TO ('213.226.112.19', 21) 
 2022-05-13T20:10:11.592792+0300 DOWNLOADED FROM FTP-SERVER FILE frame.jpg
 2022-05-13T20:10:12.137820+0300 DOWNLOADED FROM FTP-SERVER FILE output.wav
 2022-05-13T20:10:12.162607+0300 opened PHOTO file
 2022-05-13T20:10:12.163194+0300 opened AUDIO file
 2022-05-13T20:10:13.476879+0300 Send photo and audio
 2022-05-13T20:15:29.373431+0300 Greetings were sent
 2022-05-13T20:15:32.242861+0300 Отправил GO на топик tomatocoder/go
 2022-05-13T20:18:23.401634+0300 Отправил GO на топик tomatocoder/go
 2022-05-13T20:18:50.258069+0300 Отправил GO на топик tomatocoder/go
 2022-05-13T20:21:44.802510+0300 Отправил GO на топик tomatocoder/go
 2022-05-13T20:24:30.203404+0300 Отправил GO на топик tomatocoder/go
 2022-05-13T21:19:16.461508+0300 Greetings were sent
 2022-05-13T21:19:18.091117+0300 Отправил GO на топик tomatocoder/go
 2022-05-13T21:25:43.636869+0300 Greetings were sent
 2022-05-13T21:25:44.865988+0300 Отправил GO на топик tomatocoder/go
 2022-05-13T21:28:01.861321+0300 226 Directory send OK.
 2022-05-13T21:28:01.862562+0300 CONNECTED TO ('213.226.112.19', 21) 
 2022-05-13T21:28:02.258866+0300 DOWNLOADED FROM FTP-SERVER FILE frame.jpg
 2022-05-13T21:28:02.780504+0300 DOWNLOADED FROM FTP-SERVER FILE output.wav
 2022-05-13T21:28:02.826058+0300 opened PHOTO file
 2022-05-13T21:28:02.826688+0300 opened AUDIO file
 2022-05-13T21:28:04.477611+0300 Send photo and audio
 2022-05-13T21:33:39.078749+0300 Отправил GO на топик tomatocoder/go
 2022-05-13T21:33:59.303389+0300 Отправил GO на топик tomatocoder/go
 2022-05-13T21:34:18.730910+0300 Отправил GO на топик tomatocoder/go
 2022-05-13T21:34:41.907698+0300 Отправил GO на топик tomatocoder/go
 2022-05-13T21:35:02.913398+0300 Отправил GO на топик tomatocoder/go
 2022-05-13T21:36:07.488827+0300 Отправил GO на топик tomatocoder/go
 2022-05-13T21:37:00.154684+0300 Отправил GO на топик tomatocoder/go
 2022-05-13T21:38:09.017859+0300 Отправил GO на топик tomatocoder/go
 2022-05-13T21:45:25.989354+0300 Greetings were sent
 2022-05-13T21:45:28.089653+0300 Отправил GO на топик tomatocoder/go
 2022-05-13T21:47:35.481775+0300 Greetings were sent
 2022-05-13T21:47:37.592169+0300 Отправил GO на топик tomatocoder/go
 2022-05-13T21:47:46.228744+0300 Отправил GO на топик tomatocoder/go
 2022-05-13T21:47:50.266167+0300 Отправил GO на топик tomatocoder/go
 2022-05-13T21:48:13.764122+0300 Отправил GO на топик tomatocoder/go
 2022-05-13T21:48:39.985585+0300 Отправил GO на топик tomatocoder/go
 2022-05-13T21:48:47.328620+0300 Отправил GO на топик tomatocoder/go
 2022-05-13T21:48:57.541671+0300 Отправил GO на топик tomatocoder/go
 2022-05-13T21:49:54.589549+0300 Greetings were sent
 2022-05-13T21:49:55.770594+0300 Отправил GO на топик tomatocoder/go
 2022-05-13T21:50:39.218506+0300 Greetings were sent
 2022-05-13T21:50:42.894835+0300 Отправил GO на топик tomatocoder/go
 2022-05-13T21:52:00.864441+0300 Greetings were sent
 2022-05-13T21:52:02.674204+0300 Отправил GO на топик tomatocoder/go
 2022-05-13T21:52:21.888054+0300 Отправил GO на топик tomatocoder/go
 2022-05-13T21:52:44.106398+0300 Отправил GO на топик tomatocoder/go
 2022-05-13T21:53:08.218892+0300 Отправил GO на топик tomatocoder/go
 2022-05-14T14:10:07.989065+0300 Greetings were sent
 2022-05-14T14:10:10.813986+0300 Отправил GO на топик tomatocoder/go
 2022-05-14T14:10:16.315509+0300 226 Directory send OK.
 2022-05-14T14:10:16.316195+0300 CONNECTED TO ('213.226.112.19', 21) 
 2022-05-14T14:10:16.676518+0300 DOWNLOADED FROM FTP-SERVER FILE frame.jpg
 2022-05-14T14:10:17.297840+0300 DOWNLOADED FROM FTP-SERVER FILE output.wav
 2022-05-14T14:10:17.321295+0300 opened PHOTO file
 2022-05-14T14:10:17.323306+0300 opened AUDIO file
 2022-05-14T14:10:18.320386+0300 Send photo and audio
 2022-05-14T14:36:21.740540+0300 Greetings were sent
 2022-05-14T14:36:23.144534+0300 226 Directory send OK.
 2022-05-14T14:36:23.145151+0300 CONNECTED TO ('213.226.112.19', 21) 
 2022-05-14T14:36:23.613814+0300 DOWNLOADED FROM FTP-SERVER FILE frame.jpg
 2022-05-14T14:36:24.056477+0300 DOWNLOADED FROM FTP-SERVER FILE output.wav
 2022-05-14T14:36:24.080526+0300 opened PHOTO file
 2022-05-14T14:36:24.081442+0300 opened AUDIO file
 2022-05-14T14:36:25.933195+0300 Send photo and audio
 2022-05-14T15:09:16.163783+0300 Greetings were sent
 2022-05-14T15:09:18.531069+0300 226 Directory send OK.
 2022-05-14T15:09:18.531836+0300 CONNECTED TO ('213.226.112.19', 21) 
 2022-05-14T15:09:19.002936+0300 DOWNLOADED FROM FTP-SERVER FILE frame.jpg
 2022-05-14T15:09:19.456533+0300 DOWNLOADED FROM FTP-SERVER FILE output.wav
 2022-05-14T15:09:19.480385+0300 opened PHOTO file
 2022-05-14T15:09:19.480989+0300 opened AUDIO file
 2022-05-14T15:09:20.787055+0300 Send photo and audio
 2022-05-14T15:09:22.864096+0300 226 Directory send OK.
 2022-05-14T15:09:22.864725+0300 CONNECTED TO ('213.226.112.19', 21) 
 2022-05-14T15:09:23.320869+0300 DOWNLOADED FROM FTP-SERVER FILE frame.jpg
 2022-05-14T15:09:23.812878+0300 DOWNLOADED FROM FTP-SERVER FILE output.wav
 2022-05-14T15:09:23.835995+0300 opened PHOTO file
 2022-05-14T15:09:23.836474+0300 opened AUDIO file
 2022-05-14T15:09:24.775497+0300 Send photo and audio
 2022-05-14T15:09:26.648102+0300 226 Directory send OK.
 2022-05-14T15:09:26.648811+0300 CONNECTED TO ('213.226.112.19', 21) 
 2022-05-14T15:09:26.978326+0300 DOWNLOADED FROM FTP-SERVER FILE frame.jpg
 2022-05-14T15:09:27.507460+0300 DOWNLOADED FROM FTP-SERVER FILE output.wav
 2022-05-14T15:09:27.529883+0300 opened PHOTO file
 2022-05-14T15:09:27.530540+0300 opened AUDIO file
 2022-05-14T15:09:28.085742+0300 Send photo and audio
 2022-05-14T15:09:47.954726+0300 226 Directory send OK.
 2022-05-14T15:09:47.955850+0300 CONNECTED TO ('213.226.112.19', 21) 
 2022-05-14T15:09:48.517883+0300 DOWNLOADED FROM FTP-SERVER FILE frame.jpg
 2022-05-14T15:09:49.391822+0300 DOWNLOADED FROM FTP-SERVER FILE output.wav
 2022-05-14T15:09:49.414439+0300 opened PHOTO file
 2022-05-14T15:09:49.415048+0300 opened AUDIO file
 2022-05-14T15:09:50.122103+0300 Send photo and audio
 2022-05-14T15:13:27.422386+0300 226 Directory send OK.
 2022-05-14T15:13:27.422928+0300 CONNECTED TO ('213.226.112.19', 21) 
 2022-05-14T15:13:27.816938+0300 DOWNLOADED FROM FTP-SERVER FILE frame.jpg
 2022-05-14T15:13:28.204024+0300 DOWNLOADED FROM FTP-SERVER FILE output.wav
 2022-05-14T15:14:21.532969+0300 226 Directory send OK.
 2022-05-14T15:14:21.533554+0300 CONNECTED TO ('213.226.112.19', 21) 
 2022-05-14T15:14:21.988685+0300 DOWNLOADED FROM FTP-SERVER FILE frame.jpg
 2022-05-14T15:14:22.473008+0300 DOWNLOADED FROM FTP-SERVER FILE output.wav
 2022-05-14T15:14:22.496892+0300 opened PHOTO file
 2022-05-14T15:14:22.497453+0300 opened AUDIO file
 2022-05-14T15:14:25.879041+0300 226 Directory send OK.
 2022-05-14T15:14:25.879619+0300 CONNECTED TO ('213.226.112.19', 21) 
 2022-05-14T15:14:26.361698+0300 DOWNLOADED FROM FTP-SERVER FILE frame.jpg
 2022-05-14T15:14:26.808577+0300 DOWNLOADED FROM FTP-SERVER FILE output.wav
 2022-05-14T15:14:26.831138+0300 opened PHOTO file
 2022-05-14T15:14:26.831900+0300 opened AUDIO file
 2022-05-14T15:14:26.835141+0300 Send photo and audio
 2022-05-14T15:14:27.866370+0300 Send photo and audio
 2022-05-14T15:14:32.237245+0300 226 Directory send OK.
 2022-05-14T15:14:32.237677+0300 CONNECTED TO ('213.226.112.19', 21) 
 2022-05-14T15:14:32.706727+0300 DOWNLOADED FROM FTP-SERVER FILE frame.jpg
 2022-05-14T15:14:33.159634+0300 DOWNLOADED FROM FTP-SERVER FILE output.wav
 2022-05-14T15:14:33.182006+0300 opened PHOTO file
 2022-05-14T15:14:33.182469+0300 opened AUDIO file
 2022-05-14T15:14:34.212869+0300 Send photo and audio
 2022-05-14T15:15:28.210261+0300 Greetings were sent
 2022-05-14T15:15:34.855150+0300 226 Directory send OK.
 2022-05-14T15:15:34.855775+0300 CONNECTED TO ('213.226.112.19', 21) 
 2022-05-14T15:15:35.167305+0300 DOWNLOADED FROM FTP-SERVER FILE frame.jpg
 2022-05-14T15:15:35.743934+0300 DOWNLOADED FROM FTP-SERVER FILE output.wav
 2022-05-14T15:15:35.764656+0300 opened PHOTO file
 2022-05-14T15:15:35.765172+0300 opened AUDIO file
 2022-05-14T15:15:36.655333+0300 Send photo and audio
 2022-05-14T15:15:38.007836+0300 226 Directory send OK.
 2022-05-14T15:15:38.008277+0300 CONNECTED TO ('213.226.112.19', 21) 
 2022-05-14T15:15:38.322456+0300 DOWNLOADED FROM FTP-SERVER FILE frame.jpg
 2022-05-14T15:15:38.887672+0300 DOWNLOADED FROM FTP-SERVER FILE output.wav
 2022-05-14T15:15:38.912310+0300 opened PHOTO file
 2022-05-14T15:15:38.912925+0300 opened AUDIO file
 2022-05-14T15:15:39.939064+0300 Send photo and audio
 2022-05-14T15:15:48.680425+0300 226 Directory send OK.
 2022-05-14T15:15:48.681058+0300 CONNECTED TO ('213.226.112.19', 21) 
 2022-05-14T15:15:49.121346+0300 DOWNLOADED FROM FTP-SERVER FILE frame.jpg
 2022-05-14T15:15:49.561217+0300 DOWNLOADED FROM FTP-SERVER FILE output.wav
 2022-05-14T15:15:49.583019+0300 opened PHOTO file
 2022-05-14T15:15:49.583647+0300 opened AUDIO file
 2022-05-14T15:15:50.222644+0300 Send photo and audio
 2022-05-14T15:15:51.661614+0300 226 Directory send OK.
 2022-05-14T15:15:51.662231+0300 CONNECTED TO ('213.226.112.19', 21) 
 2022-05-14T15:15:52.167587+0300 DOWNLOADED FROM FTP-SERVER FILE frame.jpg
 2022-05-14T15:15:52.633317+0300 DOWNLOADED FROM FTP-SERVER FILE output.wav
 2022-05-14T15:15:52.655828+0300 opened PHOTO file
 2022-05-14T15:15:52.656442+0300 opened AUDIO file
 2022-05-14T15:15:53.191447+0300 Send photo and audio
 2022-05-14T17:41:59.057415+0300 Greetings were sent
 2022-05-14T17:42:03.086837+0300 Отправил GO на топик tomatocoder/go
 2022-05-14T17:44:06.878823+0300 226 Directory send OK.
 2022-05-14T17:44:06.880169+0300 CONNECTED TO ('213.226.112.19', 21) 
 2022-05-14T17:44:07.178848+0300 DOWNLOADED FROM FTP-SERVER FILE frame.jpg
 2022-05-14T17:44:07.534392+0300 DOWNLOADED FROM FTP-SERVER FILE output.wav
 2022-05-14T17:44:07.556355+0300 opened PHOTO file
 2022-05-14T17:44:07.556763+0300 opened AUDIO file
 2022-05-14T17:52:00.793336+0300 Отправил GO на топик tomatocoder/go
 2022-05-14T17:52:00.967269+0300 Отправил GO на топик tomatocoder/go
 2022-05-14T17:53:34.096749+0300 226 Directory send OK.
 2022-05-14T17:53:34.097583+0300 CONNECTED TO ('213.226.112.19', 21) 
 2022-05-14T17:53:34.397924+0300 DOWNLOADED FROM FTP-SERVER FILE frame.jpg
 2022-05-14T17:53:34.746260+0300 DOWNLOADED FROM FTP-SERVER FILE output.wav
 2022-05-14T17:53:34.768472+0300 opened PHOTO file
 2022-05-14T17:53:34.769007+0300 opened AUDIO file
 2022-05-14T18:05:25.840027+0300 Отправил GO на топик tomatocoder/go
 2022-05-14T18:07:49.753910+0300 226 Directory send OK.
 2022-05-14T18:07:49.755475+0300 CONNECTED TO ('213.226.112.19', 21) 
 2022-05-14T18:07:50.064963+0300 DOWNLOADED FROM FTP-SERVER FILE frame.jpg
 2022-05-14T18:07:50.417398+0300 DOWNLOADED FROM FTP-SERVER FILE output.wav
 2022-05-14T18:07:50.439176+0300 opened PHOTO file
 2022-05-14T18:07:50.439836+0300 opened AUDIO file
 2022-05-14T18:07:52.485253+0300 226 Directory send OK.
 2022-05-14T18:07:52.485874+0300 CONNECTED TO ('213.226.112.19', 21) 
 2022-05-14T18:07:52.787796+0300 DOWNLOADED FROM FTP-SERVER FILE frame.jpg
 2022-05-14T18:07:53.136608+0300 DOWNLOADED FROM FTP-SERVER FILE output.wav
 2022-05-14T18:07:53.158567+0300 opened PHOTO file
 2022-05-14T18:07:53.159178+0300 opened AUDIO file
 2022-05-14T18:07:54.034836+0300 Send photo and audio
 2022-05-14T18:13:44.770863+0300 Отправил GO на топик tomatocoder/go
 2022-05-14T18:14:28.972679+0300 Отправил GO на топик tomatocoder/go
 2022-05-14T18:15:29.777235+0300 226 Directory send OK.
 2022-05-14T18:15:29.777894+0300 CONNECTED TO ('213.226.112.19', 21) 
 2022-05-14T18:15:30.375006+0300 DOWNLOADED FROM FTP-SERVER FILE frame.jpg
 2022-05-14T18:15:30.843800+0300 DOWNLOADED FROM FTP-SERVER FILE output.wav
 2022-05-14T18:15:30.894926+0300 opened PHOTO file
 2022-05-14T18:15:30.895691+0300 opened AUDIO file
 2022-05-14T18:15:33.331876+0300 226 Directory send OK.
 2022-05-14T18:15:33.332475+0300 CONNECTED TO ('213.226.112.19', 21) 
 2022-05-14T18:15:33.648236+0300 DOWNLOADED FROM FTP-SERVER FILE frame.jpg
 2022-05-14T18:15:33.992490+0300 DOWNLOADED FROM FTP-SERVER FILE output.wav
 2022-05-14T18:15:34.015234+0300 opened PHOTO file
 2022-05-14T18:15:34.015903+0300 opened AUDIO file
 2022-05-14T18:15:36.829853+0300 226 Directory send OK.
 2022-05-14T18:15:36.835064+0300 CONNECTED TO ('213.226.112.19', 21) 
 2022-05-14T18:15:37.213854+0300 DOWNLOADED FROM FTP-SERVER FILE frame.jpg
 2022-05-14T18:15:37.566865+0300 DOWNLOADED FROM FTP-SERVER FILE output.wav
 2022-05-14T18:15:37.590481+0300 opened PHOTO file
 2022-05-14T18:15:37.591088+0300 opened AUDIO file
 2022-05-14T18:15:40.797217+0300 226 Directory send OK.
 2022-05-14T18:15:40.797894+0300 CONNECTED TO ('213.226.112.19', 21) 
 2022-05-14T18:15:41.189786+0300 DOWNLOADED FROM FTP-SERVER FILE frame.jpg
 2022-05-14T18:15:41.620724+0300 DOWNLOADED FROM FTP-SERVER FILE output.wav
 2022-05-14T18:15:41.645110+0300 opened PHOTO file
 2022-05-14T18:15:41.645632+0300 opened AUDIO file
 2022-05-14T18:15:44.880671+0300 226 Directory send OK.
 2022-05-14T18:15:44.881259+0300 CONNECTED TO ('213.226.112.19', 21) 
 2022-05-14T18:15:45.232267+0300 DOWNLOADED FROM FTP-SERVER FILE frame.jpg
 2022-05-14T18:15:45.585963+0300 DOWNLOADED FROM FTP-SERVER FILE output.wav
 2022-05-14T18:15:45.608818+0300 opened PHOTO file
 2022-05-14T18:15:45.609504+0300 opened AUDIO file
 2022-05-14T18:15:48.823021+0300 226 Directory send OK.
 2022-05-14T18:15:48.823648+0300 CONNECTED TO ('213.226.112.19', 21) 
 2022-05-14T18:15:49.191249+0300 DOWNLOADED FROM FTP-SERVER FILE frame.jpg
 2022-05-14T18:15:50.503799+0300 DOWNLOADED FROM FTP-SERVER FILE output.wav
 2022-05-14T18:15:50.530521+0300 opened PHOTO file
 2022-05-14T18:15:50.531174+0300 opened AUDIO file
 2022-05-14T18:15:52.353200+0300 226 Directory send OK.
 2022-05-14T18:15:52.353816+0300 CONNECTED TO ('213.226.112.19', 21) 
 2022-05-14T18:15:52.890972+0300 DOWNLOADED FROM FTP-SERVER FILE frame.jpg
 2022-05-14T18:15:53.539216+0300 DOWNLOADED FROM FTP-SERVER FILE output.wav
 2022-05-14T18:15:53.561154+0300 opened PHOTO file
 2022-05-14T18:15:53.561795+0300 opened AUDIO file
 2022-05-14T18:15:57.524407+0300 226 Directory send OK.
 2022-05-14T18:15:57.525073+0300 CONNECTED TO ('213.226.112.19', 21) 
 2022-05-14T18:15:57.917763+0300 DOWNLOADED FROM FTP-SERVER FILE frame.jpg
 2022-05-14T18:15:58.439814+0300 DOWNLOADED FROM FTP-SERVER FILE output.wav
 2022-05-14T18:15:58.459768+0300 opened PHOTO file
 2022-05-14T18:15:58.460150+0300 opened AUDIO file
 2022-05-14T18:16:00.328292+0300 226 Directory send OK.
 2022-05-14T18:16:00.328651+0300 CONNECTED TO ('213.226.112.19', 21) 
 2022-05-14T18:16:00.697302+0300 DOWNLOADED FROM FTP-SERVER FILE frame.jpg
 2022-05-14T18:16:01.149387+0300 DOWNLOADED FROM FTP-SERVER FILE output.wav
 2022-05-14T18:16:01.176172+0300 opened PHOTO file
 2022-05-14T18:16:01.176310+0300 opened AUDIO file
 2022-05-14T18:16:02.920536+0300 226 Directory send OK.
 2022-05-14T18:16:02.920711+0300 CONNECTED TO ('213.226.112.19', 21) 
 2022-05-14T18:16:03.284960+0300 DOWNLOADED FROM FTP-SERVER FILE frame.jpg
 2022-05-14T18:16:03.827744+0300 DOWNLOADED FROM FTP-SERVER FILE output.wav
 2022-05-14T18:16:03.862372+0300 opened PHOTO file
 2022-05-14T18:16:03.862520+0300 opened AUDIO file
 2022-05-14T18:16:15.700794+0300 226 Directory send OK.
 2022-05-14T18:16:15.700983+0300 CONNECTED TO ('213.226.112.19', 21) 
 2022-05-14T18:16:16.015479+0300 DOWNLOADED FROM FTP-SERVER FILE frame.jpg
 2022-05-14T18:16:16.383449+0300 DOWNLOADED FROM FTP-SERVER FILE output.wav
 2022-05-14T18:16:16.404100+0300 opened PHOTO file
 2022-05-14T18:16:16.404242+0300 opened AUDIO file
 2022-05-14T18:16:17.425784+0300 Send photo and audio
 2022-06-21T14:24:17.252386+0300 Greetings were sent
 2022-06-21T14:24:17.364002+0300 None
 2022-06-21T14:24:57.728575+0300 Greetings were sent
 2022-06-21T14:24:57.849699+0300 None
 2022-06-21T14:27:59.938207+0300 Greetings were sent
 2022-06-21T14:28:00.049634+0300 <bound method ContextInstanceMixin.get_current of <class 'aiogram.types.message.Message'>>
 2022-06-21T14:28:11.356141+0300 Greetings were sent
 2022-06-21T14:28:11.489600+0300 {"message_id": 2829, "from": {"id": 935362677, "is_bot": false, "first_name": "Khasan", "last_name": "Sadykov", "username": "tomatocoder", "language_code": "en"}, "chat": {"id": 935362677, "first_name": "Khasan", "last_name": "Sadykov", "username": "tomatocoder", "type": "private"}, "date": 1655810891, "text": "/start", "entities": [{"type": "bot_command", "offset": 0, "length": 6}]}
 2022-06-21T14:30:42.353930+0300 Greetings were sent
 2022-06-21T14:30:42.445288+0300 /start
 2022-06-21T14:30:44.122421+0300 226 Directory send OK.
 2022-06-21T14:30:44.123274+0300 CONNECTED TO ('213.226.112.19', 21) 
 2022-06-21T14:30:44.519992+0300 DOWNLOADED FROM FTP-SERVER FILE frame.jpg
 2022-06-21T14:30:44.903284+0300 DOWNLOADED FROM FTP-SERVER FILE output.wav
 2022-06-21T14:30:44.926417+0300 opened PHOTO file
 2022-06-21T14:30:44.927392+0300 opened AUDIO file
 2022-06-21T14:30:58.510786+0300 Greetings were sent
 2022-06-21T14:30:58.738611+0300 /start
 2022-06-21T14:38:28.670822+0300 Greetings were sent
 2022-06-21T14:39:31.685150+0300 Greetings were sent
 2022-06-21T15:00:35.197122+0300 Greetings were sent
 2022-06-21T15:02:10.990704+0300 Greetings were sent
 2022-06-21T15:03:20.112881+0300 Greetings were sent
 2022-06-21T15:09:54.320788+0300 Greetings were sent
 2022-06-21T15:50:57.047624+0300 Greetings were sent
 2022-06-21T15:52:15.700333+0300 Greetings were sent
 2022-06-21T15:54:25.423587+0300 Greetings were sent
